This is pdfTeX, Version 3.14159265-2.6-1.40.19 (MiKTeX 2.9.6930 64-bit) (preloaded format=pdflatex 2019.2.21)  21 FEB 2019 13:05
entering extended mode
**./JCP_Postdoc_3_manuscript.tex
(JCP_Postdoc_3_manuscript.tex
LaTeX2e <2018-12-01>

("C:\Users\rmesserl\AppData\Local\Programs\MiKTeX 2.9\tex/latex/revtex\revtex4-
1.cls"
Document Class: revtex4-1 2010/07/25/20:33:00 4.1r (http://publish.aps.org/revt
ex4/ for documentation)
 Copyright (c) 2009 The American Physical Society.
 mailto:revtex@aps.org
 Licensed under the LPPL:
http://www.ctan.org/tex-archive/macros/latex/base/lppl.txt
 Arthur Ogawa <arthur_ogawa at sbcglobal dot net>
 Based on work by David Carlisle <david at dcarlisle.demon.co.uk>.
ltxutil[2010/07/25/20:33:00 4.1r utilities package (portions licensed from W. E
. Baxter web at superscript.com)]
LaTeX Info: Redefining \@centercr on input line 308.
Class revtex4-1 Info: Repairing broken LaTeX eqnarray on input line 358.
\eqncolsep=\skip41
Class revtex4-1 Info: Repairing hyperref-unfriendly LaTeX definition of \mpfoot
note on input line 433.
Class revtex4-1 Info: Repairing broken LateX \@sect on input line 755.
\intertabularlinepenalty=\count80
\@tbpen=\count81
\@arstrutbox@hline=\box27
Class revtex4-1 Info: Repairing broken LaTeX \@xbitor on input line 1786.
Class revtex4-1 Info: Making \typeout \long on input line 2046.
ltxfront[2010/07/25/20:33:00 4.1r frontmatter package (AO,DPC)]
\c@affil=\count82
\c@collab=\count83
\absbox=\box28
ltxgrid[2010/07/25/20:33:00 4.1r page grid package (portions licensed from W. E
. Baxter web at superscript.com)]
\c@linecount=\count84
\output@latex=\toks14
\box@size@1=\box29
\box@size@2=\box30
\@protection@box=\box31
\@topmark@saved=\toks15
\footins@saved=\box32
\footins@recovered=\box33
\column@recovered=\box34
\pagesofar=\box35
\footsofar=\box36
\pagegrid@col=\count85
Class revtex4-1 Info: Overriding \@vspace, \@vspacer, \@no@pgbk, \@newline, and
 \\  on input line 5578.
\c@part=\count86
\c@section=\count87
\c@subsection=\count88
\c@subsubsection=\count89
\c@paragraph=\count90
\c@subparagraph=\count91
\abovecaptionskip=\skip42
\belowcaptionskip=\skip43
\c@figure=\count92
\fbox@1=\box37
\c@table=\count93
\fbox@2=\box38
\c@video=\count94
\fbox@4=\box39
\@bibdataout=\write3
\widetext@top=\box40
\widetext@bot=\box41
Class revtex4-1 Info: Selecting society aip on input line 7542.

("C:\Users\rmesserl\AppData\Local\Programs\MiKTeX 2.9\tex/latex/revtex\aip4-1.r
tx"
File: aip4-1.rtx 2010/07/25 4.1r AIP substyle for REVTeX
Class revtex4-1 Info: RevTeX society AIP selected on input line 67.
)
Class revtex4-1 Info: Selecting journal jcp on input line 7544.

Using journal substyle jcp.
Class revtex4-1 Info: Reading file aps12pt4-1.rtx on input line 7547.

("C:\Users\rmesserl\AppData\Local\Programs\MiKTeX 2.9\tex/latex/revtex\aps12pt4
-1.rtx"
File: aps12pt4-1 2010/07/25/20:33:00 4.1r (http://publish.aps.org/revtex4/ for 
documentation)
Class revtex4-1 Info: RevTeX pointsize 12pt selected on input line 30.
)
Class revtex4-1 Info: Overriding 12pt on input line 7547.

("C:\Users\rmesserl\AppData\Local\Programs\MiKTeX 2.9\tex/latex/textcase\textca
se.sty"
Package: textcase 2004/10/07 v0.07 Text only upper/lower case changing (DPC)
)
("C:\Users\rmesserl\AppData\Local\Programs\MiKTeX 2.9\tex/latex/url\url.sty"
\Urlmuskip=\muskip10
Package: url 2013/09/16  ver 3.4  Verb mode for urls, etc.
)
("C:\Users\rmesserl\AppData\Local\Programs\MiKTeX 2.9\tex/latex/natbib\natbib.s
ty"
Package: natbib 2010/09/13 8.31b (PWD, AO)
\bibhang=\skip44
\bibsep=\skip45
LaTeX Info: Redefining \cite on input line 694.
\c@NAT@ctr=\count95
)
Class revtex4-1 Info: Repairing natbib's \BibitemShut on input line 7549.

("C:\Users\rmesserl\AppData\Local\Programs\MiKTeX 2.9\tex/latex/revtex\revsymb4
-1.sty"
Package: revsymb4-1 2010/07/25/20:33:00 4.1r (http://publish.aps.org/revtex4/ f
or documentation)
LaTeX Info: Redefining \REV@mathfrak on input line 119.
))
("C:\Users\rmesserl\AppData\Local\Programs\MiKTeX 2.9\tex/latex/chemformula\che
mformula.sty"
("C:\Users\rmesserl\AppData\Local\Programs\MiKTeX 2.9\tex/latex/l3kernel\expl3.
sty"
Package: expl3 2019-02-15 L3 programming layer (loader) 

("C:\Users\rmesserl\AppData\Local\Programs\MiKTeX 2.9\tex/latex/l3kernel\expl3-
code.tex"
Package: expl3 2019-02-15 L3 programming layer (code)
\c_max_int=\count96
\l_tmpa_int=\count97
\l_tmpb_int=\count98
\g_tmpa_int=\count99
\g_tmpb_int=\count100
\g__kernel_prg_map_int=\count101
\c_log_iow=\count102
\l_iow_line_count_int=\count103
\l__iow_line_target_int=\count104
\l__iow_one_indent_int=\count105
\l__iow_indent_int=\count106
\c_zero_dim=\dimen102
\c_max_dim=\dimen103
\l_tmpa_dim=\dimen104
\l_tmpb_dim=\dimen105
\g_tmpa_dim=\dimen106
\g_tmpb_dim=\dimen107
\c_zero_skip=\skip46
\c_max_skip=\skip47
\l_tmpa_skip=\skip48
\l_tmpb_skip=\skip49
\g_tmpa_skip=\skip50
\g_tmpb_skip=\skip51
\c_zero_muskip=\muskip11
\c_max_muskip=\muskip12
\l_tmpa_muskip=\muskip13
\l_tmpb_muskip=\muskip14
\g_tmpa_muskip=\muskip15
\g_tmpb_muskip=\muskip16
\l_keys_choice_int=\count107
\l__intarray_loop_int=\count108
\c__intarray_sp_dim=\dimen108
\g__intarray_font_int=\count109
\c__fp_leading_shift_int=\count110
\c__fp_middle_shift_int=\count111
\c__fp_trailing_shift_int=\count112
\c__fp_big_leading_shift_int=\count113
\c__fp_big_middle_shift_int=\count114
\c__fp_big_trailing_shift_int=\count115
\c__fp_Bigg_leading_shift_int=\count116
\c__fp_Bigg_middle_shift_int=\count117
\c__fp_Bigg_trailing_shift_int=\count118
\c__kernel_randint_max_int=\count119
\g__fp_array_int=\count120
\l__fp_array_loop_int=\count121
\l__sort_length_int=\count122
\l__sort_min_int=\count123
\l__sort_top_int=\count124
\l__sort_max_int=\count125
\l__sort_true_max_int=\count126
\l__sort_block_int=\count127
\l__sort_begin_int=\count128
\l__sort_end_int=\count129
\l__sort_A_int=\count130
\l__sort_B_int=\count131
\l__sort_C_int=\count132
\l__tl_analysis_normal_int=\count133
\l__tl_analysis_index_int=\count134
\l__tl_analysis_nesting_int=\count135
\l__tl_analysis_type_int=\count136
\l__regex_internal_a_int=\count137
\l__regex_internal_b_int=\count138
\l__regex_internal_c_int=\count139
\l__regex_balance_int=\count140
\l__regex_group_level_int=\count141
\l__regex_mode_int=\count142
\c__regex_cs_in_class_mode_int=\count143
\c__regex_cs_mode_int=\count144
\l__regex_catcodes_int=\count145
\l__regex_default_catcodes_int=\count146
\c__regex_catcode_D_int=\count147
\c__regex_catcode_S_int=\count148
\c__regex_catcode_L_int=\count149
\c__regex_catcode_O_int=\count150
\c__regex_catcode_A_int=\count151
\c__regex_all_catcodes_int=\count152
\l__regex_show_lines_int=\count153
\l__regex_min_state_int=\count154
\l__regex_max_state_int=\count155
\l__regex_left_state_int=\count156
\l__regex_right_state_int=\count157
\l__regex_capturing_group_int=\count158
\l__regex_min_pos_int=\count159
\l__regex_max_pos_int=\count160
\l__regex_curr_pos_int=\count161
\l__regex_start_pos_int=\count162
\l__regex_success_pos_int=\count163
\l__regex_curr_char_int=\count164
\l__regex_curr_catcode_int=\count165
\l__regex_last_char_int=\count166
\l__regex_case_changed_char_int=\count167
\l__regex_curr_state_int=\count168
\l__regex_step_int=\count169
\l__regex_min_active_int=\count170
\l__regex_max_active_int=\count171
\l__regex_replacement_csnames_int=\count172
\l__regex_match_count_int=\count173
\l__regex_min_submatch_int=\count174
\l__regex_submatch_int=\count175
\l__regex_zeroth_submatch_int=\count176
\g__regex_trace_regex_int=\count177
\c_empty_box=\box42
\l_tmpa_box=\box43
\l_tmpb_box=\box44
\g_tmpa_box=\box45
\g_tmpb_box=\box46
\l__box_top_dim=\dimen109
\l__box_bottom_dim=\dimen110
\l__box_left_dim=\dimen111
\l__box_right_dim=\dimen112
\l__box_top_new_dim=\dimen113
\l__box_bottom_new_dim=\dimen114
\l__box_left_new_dim=\dimen115
\l__box_right_new_dim=\dimen116
\l__box_internal_box=\box47
\l__coffin_internal_box=\box48
\l__coffin_internal_dim=\dimen117
\l__coffin_offset_x_dim=\dimen118
\l__coffin_offset_y_dim=\dimen119
\l__coffin_x_dim=\dimen120
\l__coffin_y_dim=\dimen121
\l__coffin_x_prime_dim=\dimen122
\l__coffin_y_prime_dim=\dimen123
\c_empty_coffin=\box49
\l__coffin_aligned_coffin=\box50
\l__coffin_aligned_internal_coffin=\box51
\l_tmpa_coffin=\box52
\l_tmpb_coffin=\box53
\g_tmpa_coffin=\box54
\g_tmpb_coffin=\box55
\c__coffin_empty_coffin=\box56
\l__coffin_display_coffin=\box57
\l__coffin_display_coord_coffin=\box58
\l__coffin_display_pole_coffin=\box59
\l__coffin_display_offset_dim=\dimen124
\l__coffin_display_x_dim=\dimen125
\l__coffin_display_y_dim=\dimen126
\g__file_internal_ior=\read1
\l__coffin_bounding_shift_dim=\dimen127
\l__coffin_left_corner_dim=\dimen128
\l__coffin_right_corner_dim=\dimen129
\l__coffin_bottom_corner_dim=\dimen130
\l__coffin_top_corner_dim=\dimen131
\l__coffin_scaled_total_height_dim=\dimen132
\l__coffin_scaled_width_dim=\dimen133
\l__seq_internal_a_int=\count178
\l__seq_internal_b_int=\count179
)
("C:\Users\rmesserl\AppData\Local\Programs\MiKTeX 2.9\tex/latex/l3kernel\l3pdfm
ode.def"
File: l3pdfmode.def 2019-02-15 v L3 Experimental driver: PDF mode
\l__driver_color_stack_int=\count180
))
("C:\Users\rmesserl\AppData\Local\Programs\MiKTeX 2.9\tex/latex/l3packages/xpar
se\xparse.sty"
Package: xparse 2018-10-17 L3 Experimental document command parser
\l__xparse_current_arg_int=\count181
\g__xparse_grabber_int=\count182
\l__xparse_m_args_int=\count183
\l__xparse_mandatory_args_int=\count184
\l__xparse_v_nesting_int=\count185
)
("C:\Users\rmesserl\AppData\Local\Programs\MiKTeX 2.9\tex/latex/l3packages/l3ke
ys2e\l3keys2e.sty"
Package: l3keys2e 2018-10-17 LaTeX2e option processing using LaTeX3 keys
)
("C:\Users\rmesserl\AppData\Local\Programs\MiKTeX 2.9\tex/latex/pgf/frontendlay
er\tikz.sty"
("C:\Users\rmesserl\AppData\Local\Programs\MiKTeX 2.9\tex/latex/pgf/basiclayer\
pgf.sty"
("C:\Users\rmesserl\AppData\Local\Programs\MiKTeX 2.9\tex/latex/pgf/utilities\p
gfrcs.sty"
("C:\Users\rmesserl\AppData\Local\Programs\MiKTeX 2.9\tex/generic/pgf/utilities
\pgfutil-common.tex"
\pgfutil@everybye=\toks16
\pgfutil@tempdima=\dimen134
\pgfutil@tempdimb=\dimen135

("C:\Users\rmesserl\AppData\Local\Programs\MiKTeX 2.9\tex/generic/pgf/utilities
\pgfutil-common-lists.tex"))
("C:\Users\rmesserl\AppData\Local\Programs\MiKTeX 2.9\tex/generic/pgf/utilities
\pgfutil-latex.def"
\pgfutil@abb=\box60

("C:\Users\rmesserl\AppData\Local\Programs\MiKTeX 2.9\tex/latex/ms\everyshi.sty
"
Package: everyshi 2001/05/15 v3.00 EveryShipout Package (MS)
))
("C:\Users\rmesserl\AppData\Local\Programs\MiKTeX 2.9\tex/generic/pgf/utilities
\pgfrcs.code.tex"
("C:\Users\rmesserl\AppData\Local\Programs\MiKTeX 2.9\tex/generic/pgf\pgf.revis
ion.tex")
Package: pgfrcs 2019/02/02 v3.1.1 (3.1.1)
))
Package: pgf 2019/02/02 v3.1.1 (3.1.1)

("C:\Users\rmesserl\AppData\Local\Programs\MiKTeX 2.9\tex/latex/pgf/basiclayer\
pgfcore.sty"
("C:\Users\rmesserl\AppData\Local\Programs\MiKTeX 2.9\tex/latex/graphics\graphi
cx.sty"
Package: graphicx 2017/06/01 v1.1a Enhanced LaTeX Graphics (DPC,SPQR)

("C:\Users\rmesserl\AppData\Local\Programs\MiKTeX 2.9\tex/latex/graphics\keyval
.sty"
Package: keyval 2014/10/28 v1.15 key=value parser (DPC)
\KV@toks@=\toks17
)
("C:\Users\rmesserl\AppData\Local\Programs\MiKTeX 2.9\tex/latex/graphics\graphi
cs.sty"
Package: graphics 2017/06/25 v1.2c Standard LaTeX Graphics (DPC,SPQR)

("C:\Users\rmesserl\AppData\Local\Programs\MiKTeX 2.9\tex/latex/graphics\trig.s
ty"
Package: trig 2016/01/03 v1.10 sin cos tan (DPC)
)
("C:\Users\rmesserl\AppData\Local\Programs\MiKTeX 2.9\tex/latex/graphics-cfg\gr
aphics.cfg"
File: graphics.cfg 2016/06/04 v1.11 sample graphics configuration
)
Package graphics Info: Driver file: pdftex.def on input line 99.

("C:\Users\rmesserl\AppData\Local\Programs\MiKTeX 2.9\tex/latex/graphics-def\pd
ftex.def"
File: pdftex.def 2018/01/08 v1.0l Graphics/color driver for pdftex
))
\Gin@req@height=\dimen136
\Gin@req@width=\dimen137
)
("C:\Users\rmesserl\AppData\Local\Programs\MiKTeX 2.9\tex/latex/pgf/systemlayer
\pgfsys.sty"
("C:\Users\rmesserl\AppData\Local\Programs\MiKTeX 2.9\tex/generic/pgf/systemlay
er\pgfsys.code.tex"
Package: pgfsys 2019/02/02 v3.1.1 (3.1.1)

("C:\Users\rmesserl\AppData\Local\Programs\MiKTeX 2.9\tex/generic/pgf/utilities
\pgfkeys.code.tex"
\pgfkeys@pathtoks=\toks18
\pgfkeys@temptoks=\toks19

("C:\Users\rmesserl\AppData\Local\Programs\MiKTeX 2.9\tex/generic/pgf/utilities
\pgfkeysfiltered.code.tex"
\pgfkeys@tmptoks=\toks20
))
\pgf@x=\dimen138
\pgf@y=\dimen139
\pgf@xa=\dimen140
\pgf@ya=\dimen141
\pgf@xb=\dimen142
\pgf@yb=\dimen143
\pgf@xc=\dimen144
\pgf@yc=\dimen145
\w@pgf@writea=\write4
\r@pgf@reada=\read2
\c@pgf@counta=\count186
\c@pgf@countb=\count187
\c@pgf@countc=\count188
\c@pgf@countd=\count189
\t@pgf@toka=\toks21
\t@pgf@tokb=\toks22
\t@pgf@tokc=\toks23
\pgf@sys@id@count=\count190

("C:\Users\rmesserl\AppData\Local\Programs\MiKTeX 2.9\tex/generic/pgf/systemlay
er\pgf.cfg"
File: pgf.cfg 2019/02/02 v3.1.1 (3.1.1)
)
Driver file for pgf: pgfsys-pdftex.def

("C:\Users\rmesserl\AppData\Local\Programs\MiKTeX 2.9\tex/generic/pgf/systemlay
er\pgfsys-pdftex.def"
File: pgfsys-pdftex.def 2019/02/02 v3.1.1 (3.1.1)

("C:\Users\rmesserl\AppData\Local\Programs\MiKTeX 2.9\tex/generic/pgf/systemlay
er\pgfsys-common-pdf.def"
File: pgfsys-common-pdf.def 2019/02/02 v3.1.1 (3.1.1)
)))
("C:\Users\rmesserl\AppData\Local\Programs\MiKTeX 2.9\tex/generic/pgf/systemlay
er\pgfsyssoftpath.code.tex"
File: pgfsyssoftpath.code.tex 2019/02/02 v3.1.1 (3.1.1)
\pgfsyssoftpath@smallbuffer@items=\count191
\pgfsyssoftpath@bigbuffer@items=\count192
)
("C:\Users\rmesserl\AppData\Local\Programs\MiKTeX 2.9\tex/generic/pgf/systemlay
er\pgfsysprotocol.code.tex"
File: pgfsysprotocol.code.tex 2019/02/02 v3.1.1 (3.1.1)
))
("C:\Users\rmesserl\AppData\Local\Programs\MiKTeX 2.9\tex/latex/xcolor\xcolor.s
ty"
Package: xcolor 2016/05/11 v2.12 LaTeX color extensions (UK)

("C:\Users\rmesserl\AppData\Local\Programs\MiKTeX 2.9\tex/latex/graphics-cfg\co
lor.cfg"
File: color.cfg 2016/01/02 v1.6 sample color configuration
)
Package xcolor Info: Driver file: pdftex.def on input line 225.
Package xcolor Info: Model `cmy' substituted by `cmy0' on input line 1348.
Package xcolor Info: Model `hsb' substituted by `rgb' on input line 1352.
Package xcolor Info: Model `RGB' extended on input line 1364.
Package xcolor Info: Model `HTML' substituted by `rgb' on input line 1366.
Package xcolor Info: Model `Hsb' substituted by `hsb' on input line 1367.
Package xcolor Info: Model `tHsb' substituted by `hsb' on input line 1368.
Package xcolor Info: Model `HSB' substituted by `hsb' on input line 1369.
Package xcolor Info: Model `Gray' substituted by `gray' on input line 1370.
Package xcolor Info: Model `wave' substituted by `hsb' on input line 1371.
)
("C:\Users\rmesserl\AppData\Local\Programs\MiKTeX 2.9\tex/generic/pgf/basiclaye
r\pgfcore.code.tex"
Package: pgfcore 2019/02/02 v3.1.1 (3.1.1)

("C:\Users\rmesserl\AppData\Local\Programs\MiKTeX 2.9\tex/generic/pgf/math\pgfm
ath.code.tex"
("C:\Users\rmesserl\AppData\Local\Programs\MiKTeX 2.9\tex/generic/pgf/math\pgfm
athcalc.code.tex"
("C:\Users\rmesserl\AppData\Local\Programs\MiKTeX 2.9\tex/generic/pgf/math\pgfm
athutil.code.tex")
("C:\Users\rmesserl\AppData\Local\Programs\MiKTeX 2.9\tex/generic/pgf/math\pgfm
athparser.code.tex"
\pgfmath@dimen=\dimen146
\pgfmath@count=\count193
\pgfmath@box=\box61
\pgfmath@toks=\toks24
\pgfmath@stack@operand=\toks25
\pgfmath@stack@operation=\toks26
)
("C:\Users\rmesserl\AppData\Local\Programs\MiKTeX 2.9\tex/generic/pgf/math\pgfm
athfunctions.code.tex"
("C:\Users\rmesserl\AppData\Local\Programs\MiKTeX 2.9\tex/generic/pgf/math\pgfm
athfunctions.basic.code.tex")
("C:\Users\rmesserl\AppData\Local\Programs\MiKTeX 2.9\tex/generic/pgf/math\pgfm
athfunctions.trigonometric.code.tex")
("C:\Users\rmesserl\AppData\Local\Programs\MiKTeX 2.9\tex/generic/pgf/math\pgfm
athfunctions.random.code.tex")
("C:\Users\rmesserl\AppData\Local\Programs\MiKTeX 2.9\tex/generic/pgf/math\pgfm
athfunctions.comparison.code.tex")
("C:\Users\rmesserl\AppData\Local\Programs\MiKTeX 2.9\tex/generic/pgf/math\pgfm
athfunctions.base.code.tex")
("C:\Users\rmesserl\AppData\Local\Programs\MiKTeX 2.9\tex/generic/pgf/math\pgfm
athfunctions.round.code.tex")
("C:\Users\rmesserl\AppData\Local\Programs\MiKTeX 2.9\tex/generic/pgf/math\pgfm
athfunctions.misc.code.tex")
("C:\Users\rmesserl\AppData\Local\Programs\MiKTeX 2.9\tex/generic/pgf/math\pgfm
athfunctions.integerarithmetics.code.tex")))
("C:\Users\rmesserl\AppData\Local\Programs\MiKTeX 2.9\tex/generic/pgf/math\pgfm
athfloat.code.tex"
\c@pgfmathroundto@lastzeros=\count194
))
("C:\Users\rmesserl\AppData\Local\Programs\MiKTeX 2.9\tex/generic/pgf/basiclaye
r\pgfcorepoints.code.tex"
File: pgfcorepoints.code.tex 2019/02/02 v3.1.1 (3.1.1)
\pgf@picminx=\dimen147
\pgf@picmaxx=\dimen148
\pgf@picminy=\dimen149
\pgf@picmaxy=\dimen150
\pgf@pathminx=\dimen151
\pgf@pathmaxx=\dimen152
\pgf@pathminy=\dimen153
\pgf@pathmaxy=\dimen154
\pgf@xx=\dimen155
\pgf@xy=\dimen156
\pgf@yx=\dimen157
\pgf@yy=\dimen158
\pgf@zx=\dimen159
\pgf@zy=\dimen160
)
("C:\Users\rmesserl\AppData\Local\Programs\MiKTeX 2.9\tex/generic/pgf/basiclaye
r\pgfcorepathconstruct.code.tex"
File: pgfcorepathconstruct.code.tex 2019/02/02 v3.1.1 (3.1.1)
\pgf@path@lastx=\dimen161
\pgf@path@lasty=\dimen162
)
("C:\Users\rmesserl\AppData\Local\Programs\MiKTeX 2.9\tex/generic/pgf/basiclaye
r\pgfcorepathusage.code.tex"
File: pgfcorepathusage.code.tex 2019/02/02 v3.1.1 (3.1.1)
\pgf@shorten@end@additional=\dimen163
\pgf@shorten@start@additional=\dimen164
)
("C:\Users\rmesserl\AppData\Local\Programs\MiKTeX 2.9\tex/generic/pgf/basiclaye
r\pgfcorescopes.code.tex"
File: pgfcorescopes.code.tex 2019/02/02 v3.1.1 (3.1.1)
\pgfpic=\box62
\pgf@hbox=\box63
\pgf@layerbox@main=\box64
\pgf@picture@serial@count=\count195
)
("C:\Users\rmesserl\AppData\Local\Programs\MiKTeX 2.9\tex/generic/pgf/basiclaye
r\pgfcoregraphicstate.code.tex"
File: pgfcoregraphicstate.code.tex 2019/02/02 v3.1.1 (3.1.1)
\pgflinewidth=\dimen165
)
("C:\Users\rmesserl\AppData\Local\Programs\MiKTeX 2.9\tex/generic/pgf/basiclaye
r\pgfcoretransformations.code.tex"
File: pgfcoretransformations.code.tex 2019/02/02 v3.1.1 (3.1.1)
\pgf@pt@x=\dimen166
\pgf@pt@y=\dimen167
\pgf@pt@temp=\dimen168
)
("C:\Users\rmesserl\AppData\Local\Programs\MiKTeX 2.9\tex/generic/pgf/basiclaye
r\pgfcorequick.code.tex"
File: pgfcorequick.code.tex 2019/02/02 v3.1.1 (3.1.1)
)
("C:\Users\rmesserl\AppData\Local\Programs\MiKTeX 2.9\tex/generic/pgf/basiclaye
r\pgfcoreobjects.code.tex"
File: pgfcoreobjects.code.tex 2019/02/02 v3.1.1 (3.1.1)
)
("C:\Users\rmesserl\AppData\Local\Programs\MiKTeX 2.9\tex/generic/pgf/basiclaye
r\pgfcorepathprocessing.code.tex"
File: pgfcorepathprocessing.code.tex 2019/02/02 v3.1.1 (3.1.1)
)
("C:\Users\rmesserl\AppData\Local\Programs\MiKTeX 2.9\tex/generic/pgf/basiclaye
r\pgfcorearrows.code.tex"
File: pgfcorearrows.code.tex 2019/02/02 v3.1.1 (3.1.1)
\pgfarrowsep=\dimen169
)
("C:\Users\rmesserl\AppData\Local\Programs\MiKTeX 2.9\tex/generic/pgf/basiclaye
r\pgfcoreshade.code.tex"
File: pgfcoreshade.code.tex 2019/02/02 v3.1.1 (3.1.1)
\pgf@max=\dimen170
\pgf@sys@shading@range@num=\count196
)
("C:\Users\rmesserl\AppData\Local\Programs\MiKTeX 2.9\tex/generic/pgf/basiclaye
r\pgfcoreimage.code.tex"
File: pgfcoreimage.code.tex 2019/02/02 v3.1.1 (3.1.1)

("C:\Users\rmesserl\AppData\Local\Programs\MiKTeX 2.9\tex/generic/pgf/basiclaye
r\pgfcoreexternal.code.tex"
File: pgfcoreexternal.code.tex 2019/02/02 v3.1.1 (3.1.1)
\pgfexternal@startupbox=\box65
))
("C:\Users\rmesserl\AppData\Local\Programs\MiKTeX 2.9\tex/generic/pgf/basiclaye
r\pgfcorelayers.code.tex"
File: pgfcorelayers.code.tex 2019/02/02 v3.1.1 (3.1.1)
)
("C:\Users\rmesserl\AppData\Local\Programs\MiKTeX 2.9\tex/generic/pgf/basiclaye
r\pgfcoretransparency.code.tex"
File: pgfcoretransparency.code.tex 2019/02/02 v3.1.1 (3.1.1)
)
("C:\Users\rmesserl\AppData\Local\Programs\MiKTeX 2.9\tex/generic/pgf/basiclaye
r\pgfcorepatterns.code.tex"
File: pgfcorepatterns.code.tex 2019/02/02 v3.1.1 (3.1.1)
)
("C:\Users\rmesserl\AppData\Local\Programs\MiKTeX 2.9\tex/generic/pgf/basiclaye
r\pgfcorerdf.code.tex"
File: pgfcorerdf.code.tex 2019/02/02 v3.1.1 (3.1.1)
)))
("C:\Users\rmesserl\AppData\Local\Programs\MiKTeX 2.9\tex/generic/pgf/modules\p
gfmoduleshapes.code.tex"
File: pgfmoduleshapes.code.tex 2019/02/02 v3.1.1 (3.1.1)
\pgfnodeparttextbox=\box66
)
("C:\Users\rmesserl\AppData\Local\Programs\MiKTeX 2.9\tex/generic/pgf/modules\p
gfmoduleplot.code.tex"
File: pgfmoduleplot.code.tex 2019/02/02 v3.1.1 (3.1.1)
)
("C:\Users\rmesserl\AppData\Local\Programs\MiKTeX 2.9\tex/latex/pgf/compatibili
ty\pgfcomp-version-0-65.sty"
Package: pgfcomp-version-0-65 2019/02/02 v3.1.1 (3.1.1)
\pgf@nodesepstart=\dimen171
\pgf@nodesepend=\dimen172
)
("C:\Users\rmesserl\AppData\Local\Programs\MiKTeX 2.9\tex/latex/pgf/compatibili
ty\pgfcomp-version-1-18.sty"
Package: pgfcomp-version-1-18 2019/02/02 v3.1.1 (3.1.1)
))
("C:\Users\rmesserl\AppData\Local\Programs\MiKTeX 2.9\tex/latex/pgf/utilities\p
gffor.sty"
("C:\Users\rmesserl\AppData\Local\Programs\MiKTeX 2.9\tex/latex/pgf/utilities\p
gfkeys.sty"
("C:\Users\rmesserl\AppData\Local\Programs\MiKTeX 2.9\tex/generic/pgf/utilities
\pgfkeys.code.tex"))
("C:\Users\rmesserl\AppData\Local\Programs\MiKTeX 2.9\tex/latex/pgf/math\pgfmat
h.sty"
("C:\Users\rmesserl\AppData\Local\Programs\MiKTeX 2.9\tex/generic/pgf/math\pgfm
ath.code.tex"))
("C:\Users\rmesserl\AppData\Local\Programs\MiKTeX 2.9\tex/generic/pgf/utilities
\pgffor.code.tex"
Package: pgffor 2019/02/02 v3.1.1 (3.1.1)

("C:\Users\rmesserl\AppData\Local\Programs\MiKTeX 2.9\tex/generic/pgf/math\pgfm
ath.code.tex")
\pgffor@iter=\dimen173
\pgffor@skip=\dimen174
\pgffor@stack=\toks27
\pgffor@toks=\toks28
))
("C:\Users\rmesserl\AppData\Local\Programs\MiKTeX 2.9\tex/generic/pgf/frontendl
ayer/tikz\tikz.code.tex"
Package: tikz 2019/02/02 v3.1.1 (3.1.1)

("C:\Users\rmesserl\AppData\Local\Programs\MiKTeX 2.9\tex/generic/pgf/libraries
\pgflibraryplothandlers.code.tex"
File: pgflibraryplothandlers.code.tex 2019/02/02 v3.1.1 (3.1.1)
\pgf@plot@mark@count=\count197
\pgfplotmarksize=\dimen175
)
\tikz@lastx=\dimen176
\tikz@lasty=\dimen177
\tikz@lastxsaved=\dimen178
\tikz@lastysaved=\dimen179
\tikzleveldistance=\dimen180
\tikzsiblingdistance=\dimen181
\tikz@figbox=\box67
\tikz@figbox@bg=\box68
\tikz@tempbox=\box69
\tikz@tempbox@bg=\box70
\tikztreelevel=\count198
\tikznumberofchildren=\count199
\tikznumberofcurrentchild=\count266
\tikz@fig@count=\count267

("C:\Users\rmesserl\AppData\Local\Programs\MiKTeX 2.9\tex/generic/pgf/modules\p
gfmodulematrix.code.tex"
File: pgfmodulematrix.code.tex 2019/02/02 v3.1.1 (3.1.1)
\pgfmatrixcurrentrow=\count268
\pgfmatrixcurrentcolumn=\count269
\pgf@matrix@numberofcolumns=\count270
)
\tikz@expandcount=\count271

("C:\Users\rmesserl\AppData\Local\Programs\MiKTeX 2.9\tex/generic/pgf/frontendl
ayer/tikz/libraries\tikzlibrarytopaths.code.tex"
File: tikzlibrarytopaths.code.tex 2019/02/02 v3.1.1 (3.1.1)
)))
("C:\Users\rmesserl\AppData\Local\Programs\MiKTeX 2.9\tex/latex/amsmath\amsmath
.sty"
Package: amsmath 2018/12/01 v2.17b AMS math features
\@mathmargin=\skip52

For additional information on amsmath, use the `?' option.

("C:\Users\rmesserl\AppData\Local\Programs\MiKTeX 2.9\tex/latex/amsmath\amstext
.sty"
Package: amstext 2000/06/29 v2.01 AMS text

("C:\Users\rmesserl\AppData\Local\Programs\MiKTeX 2.9\tex/latex/amsmath\amsgen.
sty"
File: amsgen.sty 1999/11/30 v2.0 generic functions
\@emptytoks=\toks29
\ex@=\dimen182
)
LaTeX Info: Redefining \text on input line 28.
)
("C:\Users\rmesserl\AppData\Local\Programs\MiKTeX 2.9\tex/latex/amsmath\amsbsy.
sty"
Package: amsbsy 1999/11/29 v1.2d Bold Symbols
\pmbraise@=\dimen183
)
("C:\Users\rmesserl\AppData\Local\Programs\MiKTeX 2.9\tex/latex/amsmath\amsopn.
sty"
Package: amsopn 2016/03/08 v2.02 operator names
)
\inf@bad=\count272
LaTeX Info: Redefining \frac on input line 223.
\uproot@=\count273
\leftroot@=\count274
LaTeX Info: Redefining \overline on input line 385.
\classnum@=\count275
\DOTSCASE@=\count276
LaTeX Info: Redefining \ldots on input line 482.
LaTeX Info: Redefining \dots on input line 485.
LaTeX Info: Redefining \cdots on input line 606.
\Mathstrutbox@=\box71
\strutbox@=\box72
\big@size=\dimen184
LaTeX Font Info:    Redeclaring font encoding OML on input line 729.
LaTeX Font Info:    Redeclaring font encoding OMS on input line 730.
\macc@depth=\count277
\c@MaxMatrixCols=\count278
\dotsspace@=\muskip17
\c@parentequation=\count279
\dspbrk@lvl=\count280
\tag@help=\toks30
\row@=\count281
\column@=\count282
\maxfields@=\count283
\andhelp@=\toks31
\eqnshift@=\dimen185
\alignsep@=\dimen186
\tagshift@=\dimen187
\tagwidth@=\dimen188
\totwidth@=\dimen189
\lineht@=\dimen190
\@envbody=\toks32
\multlinegap=\skip53
\multlinetaggap=\skip54
\mathdisplay@stack=\toks33
LaTeX Info: Redefining \[ on input line 2844.
LaTeX Info: Redefining \] on input line 2845.
)
("C:\Users\rmesserl\AppData\Local\Programs\MiKTeX 2.9\tex/latex/l3packages/xfra
c\xfrac.sty"
("C:\Users\rmesserl\AppData\Local\Programs\MiKTeX 2.9\tex/latex/base\textcomp.s
ty"
Package: textcomp 2018/08/11 v2.0j Standard LaTeX package
Package textcomp Info: Sub-encoding information:
(textcomp)               5 = only ISO-Adobe without \textcurrency
(textcomp)               4 = 5 + \texteuro
(textcomp)               3 = 4 + \textohm
(textcomp)               2 = 3 + \textestimated + \textcurrency
(textcomp)               1 = TS1 - \textcircled - \t
(textcomp)               0 = TS1 (full)
(textcomp)             Font families with sub-encoding setting implement
(textcomp)             only a restricted character set as indicated.
(textcomp)             Family '?' is the default used for unknown fonts.
(textcomp)             See the documentation for details.
Package textcomp Info: Setting ? sub-encoding to TS1/1 on input line 79.

("C:\Users\rmesserl\AppData\Local\Programs\MiKTeX 2.9\tex/latex/base\ts1enc.def
"
File: ts1enc.def 2001/06/05 v3.0e (jk/car/fm) Standard LaTeX file
Now handling font encoding TS1 ...
... processing UTF-8 mapping file for font encoding TS1

("C:\Users\rmesserl\AppData\Local\Programs\MiKTeX 2.9\tex/latex/base\ts1enc.dfu
"
File: ts1enc.dfu 2018/10/05 v1.2f UTF-8 support for inputenc
   defining Unicode char U+00A2 (decimal 162)
   defining Unicode char U+00A3 (decimal 163)
   defining Unicode char U+00A4 (decimal 164)
   defining Unicode char U+00A5 (decimal 165)
   defining Unicode char U+00A6 (decimal 166)
   defining Unicode char U+00A7 (decimal 167)
   defining Unicode char U+00A8 (decimal 168)
   defining Unicode char U+00A9 (decimal 169)
   defining Unicode char U+00AA (decimal 170)
   defining Unicode char U+00AC (decimal 172)
   defining Unicode char U+00AE (decimal 174)
   defining Unicode char U+00AF (decimal 175)
   defining Unicode char U+00B0 (decimal 176)
   defining Unicode char U+00B1 (decimal 177)
   defining Unicode char U+00B2 (decimal 178)
   defining Unicode char U+00B3 (decimal 179)
   defining Unicode char U+00B4 (decimal 180)
   defining Unicode char U+00B5 (decimal 181)
   defining Unicode char U+00B6 (decimal 182)
   defining Unicode char U+00B7 (decimal 183)
   defining Unicode char U+00B9 (decimal 185)
   defining Unicode char U+00BA (decimal 186)
   defining Unicode char U+00BC (decimal 188)
   defining Unicode char U+00BD (decimal 189)
   defining Unicode char U+00BE (decimal 190)
   defining Unicode char U+00D7 (decimal 215)
   defining Unicode char U+00F7 (decimal 247)
   defining Unicode char U+0192 (decimal 402)
   defining Unicode char U+02C7 (decimal 711)
   defining Unicode char U+02D8 (decimal 728)
   defining Unicode char U+02DD (decimal 733)
   defining Unicode char U+0E3F (decimal 3647)
   defining Unicode char U+2016 (decimal 8214)
   defining Unicode char U+2020 (decimal 8224)
   defining Unicode char U+2021 (decimal 8225)
   defining Unicode char U+2022 (decimal 8226)
   defining Unicode char U+2030 (decimal 8240)
   defining Unicode char U+2031 (decimal 8241)
   defining Unicode char U+203B (decimal 8251)
   defining Unicode char U+203D (decimal 8253)
   defining Unicode char U+2044 (decimal 8260)
   defining Unicode char U+204E (decimal 8270)
   defining Unicode char U+2052 (decimal 8274)
   defining Unicode char U+20A1 (decimal 8353)
   defining Unicode char U+20A4 (decimal 8356)
   defining Unicode char U+20A6 (decimal 8358)
   defining Unicode char U+20A9 (decimal 8361)
   defining Unicode char U+20AB (decimal 8363)
   defining Unicode char U+20AC (decimal 8364)
   defining Unicode char U+20B1 (decimal 8369)
   defining Unicode char U+2103 (decimal 8451)
   defining Unicode char U+2116 (decimal 8470)
   defining Unicode char U+2117 (decimal 8471)
   defining Unicode char U+211E (decimal 8478)
   defining Unicode char U+2120 (decimal 8480)
   defining Unicode char U+2122 (decimal 8482)
   defining Unicode char U+2126 (decimal 8486)
   defining Unicode char U+2127 (decimal 8487)
   defining Unicode char U+212E (decimal 8494)
   defining Unicode char U+2190 (decimal 8592)
   defining Unicode char U+2191 (decimal 8593)
   defining Unicode char U+2192 (decimal 8594)
   defining Unicode char U+2193 (decimal 8595)
   defining Unicode char U+2329 (decimal 9001)
   defining Unicode char U+232A (decimal 9002)
   defining Unicode char U+2422 (decimal 9250)
   defining Unicode char U+25E6 (decimal 9702)
   defining Unicode char U+25EF (decimal 9711)
   defining Unicode char U+266A (decimal 9834)
   defining Unicode char U+FEFF (decimal 65279)
))
LaTeX Info: Redefining \oldstylenums on input line 334.
Package textcomp Info: Setting cmr sub-encoding to TS1/0 on input line 349.
Package textcomp Info: Setting cmss sub-encoding to TS1/0 on input line 350.
Package textcomp Info: Setting cmtt sub-encoding to TS1/0 on input line 351.
Package textcomp Info: Setting cmvtt sub-encoding to TS1/0 on input line 352.
Package textcomp Info: Setting cmbr sub-encoding to TS1/0 on input line 353.
Package textcomp Info: Setting cmtl sub-encoding to TS1/0 on input line 354.
Package textcomp Info: Setting ccr sub-encoding to TS1/0 on input line 355.
Package textcomp Info: Setting ptm sub-encoding to TS1/4 on input line 356.
Package textcomp Info: Setting pcr sub-encoding to TS1/4 on input line 357.
Package textcomp Info: Setting phv sub-encoding to TS1/4 on input line 358.
Package textcomp Info: Setting ppl sub-encoding to TS1/3 on input line 359.
Package textcomp Info: Setting pag sub-encoding to TS1/4 on input line 360.
Package textcomp Info: Setting pbk sub-encoding to TS1/4 on input line 361.
Package textcomp Info: Setting pnc sub-encoding to TS1/4 on input line 362.
Package textcomp Info: Setting pzc sub-encoding to TS1/4 on input line 363.
Package textcomp Info: Setting bch sub-encoding to TS1/4 on input line 364.
Package textcomp Info: Setting put sub-encoding to TS1/5 on input line 365.
Package textcomp Info: Setting uag sub-encoding to TS1/5 on input line 366.
Package textcomp Info: Setting ugq sub-encoding to TS1/5 on input line 367.
Package textcomp Info: Setting ul8 sub-encoding to TS1/4 on input line 368.
Package textcomp Info: Setting ul9 sub-encoding to TS1/4 on input line 369.
Package textcomp Info: Setting augie sub-encoding to TS1/5 on input line 370.
Package textcomp Info: Setting dayrom sub-encoding to TS1/3 on input line 371.
Package textcomp Info: Setting dayroms sub-encoding to TS1/3 on input line 372.

Package textcomp Info: Setting pxr sub-encoding to TS1/0 on input line 373.
Package textcomp Info: Setting pxss sub-encoding to TS1/0 on input line 374.
Package textcomp Info: Setting pxtt sub-encoding to TS1/0 on input line 375.
Package textcomp Info: Setting txr sub-encoding to TS1/0 on input line 376.
Package textcomp Info: Setting txss sub-encoding to TS1/0 on input line 377.
Package textcomp Info: Setting txtt sub-encoding to TS1/0 on input line 378.
Package textcomp Info: Setting lmr sub-encoding to TS1/0 on input line 379.
Package textcomp Info: Setting lmdh sub-encoding to TS1/0 on input line 380.
Package textcomp Info: Setting lmss sub-encoding to TS1/0 on input line 381.
Package textcomp Info: Setting lmssq sub-encoding to TS1/0 on input line 382.
Package textcomp Info: Setting lmvtt sub-encoding to TS1/0 on input line 383.
Package textcomp Info: Setting lmtt sub-encoding to TS1/0 on input line 384.
Package textcomp Info: Setting qhv sub-encoding to TS1/0 on input line 385.
Package textcomp Info: Setting qag sub-encoding to TS1/0 on input line 386.
Package textcomp Info: Setting qbk sub-encoding to TS1/0 on input line 387.
Package textcomp Info: Setting qcr sub-encoding to TS1/0 on input line 388.
Package textcomp Info: Setting qcs sub-encoding to TS1/0 on input line 389.
Package textcomp Info: Setting qpl sub-encoding to TS1/0 on input line 390.
Package textcomp Info: Setting qtm sub-encoding to TS1/0 on input line 391.
Package textcomp Info: Setting qzc sub-encoding to TS1/0 on input line 392.
Package textcomp Info: Setting qhvc sub-encoding to TS1/0 on input line 393.
Package textcomp Info: Setting futs sub-encoding to TS1/4 on input line 394.
Package textcomp Info: Setting futx sub-encoding to TS1/4 on input line 395.
Package textcomp Info: Setting futj sub-encoding to TS1/4 on input line 396.
Package textcomp Info: Setting hlh sub-encoding to TS1/3 on input line 397.
Package textcomp Info: Setting hls sub-encoding to TS1/3 on input line 398.
Package textcomp Info: Setting hlst sub-encoding to TS1/3 on input line 399.
Package textcomp Info: Setting hlct sub-encoding to TS1/5 on input line 400.
Package textcomp Info: Setting hlx sub-encoding to TS1/5 on input line 401.
Package textcomp Info: Setting hlce sub-encoding to TS1/5 on input line 402.
Package textcomp Info: Setting hlcn sub-encoding to TS1/5 on input line 403.
Package textcomp Info: Setting hlcw sub-encoding to TS1/5 on input line 404.
Package textcomp Info: Setting hlcf sub-encoding to TS1/5 on input line 405.
Package textcomp Info: Setting pplx sub-encoding to TS1/3 on input line 406.
Package textcomp Info: Setting pplj sub-encoding to TS1/3 on input line 407.
Package textcomp Info: Setting ptmx sub-encoding to TS1/4 on input line 408.
Package textcomp Info: Setting ptmj sub-encoding to TS1/4 on input line 409.
)
("C:\Users\rmesserl\AppData\Local\Programs\MiKTeX 2.9\tex/latex/l3packages/xtem
plate\xtemplate.sty"
Package: xtemplate 2018-10-17 L3 Experimental prototype document functions
\l__xtemplate_tmp_dim=\dimen191
\l__xtemplate_tmp_int=\count284
\l__xtemplate_tmp_muskip=\muskip18
\l__xtemplate_tmp_skip=\skip55
)
Package: xfrac 2018-10-17 L3 Experimental split-level fractions
\l__xfrac_slash_box=\box73
\l__xfrac_tmp_box=\box74
\l__xfrac_denominator_bot_sep_dim=\dimen192
\l__xfrac_numerator_bot_sep_dim=\dimen193
\l__xfrac_numerator_top_sep_dim=\dimen194
\l__xfrac_slash_left_sep_dim=\dimen195
\l__xfrac_slash_right_sep_dim=\dimen196
\l__xfrac_slash_left_muskip=\muskip19
\l__xfrac_slash_right_muskip=\muskip20

Package xtemplate Info: Declaring object type 'xfrac' taking 3 argument(s) on
(xtemplate)             line 80.

)
("C:\Users\rmesserl\AppData\Local\Programs\MiKTeX 2.9\tex/latex/units\nicefrac.
sty"
Package: nicefrac 1998/08/04 v0.9b Nice fractions
\L@UnitsRaiseDisplaystyle=\skip56
\L@UnitsRaiseTextstyle=\skip57
\L@UnitsRaiseScriptstyle=\skip58

("C:\Users\rmesserl\AppData\Local\Programs\MiKTeX 2.9\tex/latex/base\ifthen.sty
"
Package: ifthen 2014/09/29 v1.1c Standard LaTeX ifthen package (DPC)
))
("C:\Users\rmesserl\AppData\Local\Programs\MiKTeX 2.9\tex/latex/koma-script\scr
lfile.sty"
Package: scrlfile 2019/02/01 v3.26b KOMA-Script package (loading files)
)
("C:\Users\rmesserl\AppData\Local\Programs\MiKTeX 2.9\tex/generic/pgf/libraries
\pgflibraryarrows.meta.code.tex"
File: pgflibraryarrows.meta.code.tex 2019/02/02 v3.1.1 (3.1.1)
\pgfarrowinset=\dimen197
\pgfarrowlength=\dimen198
\pgfarrowwidth=\dimen199
\pgfarrowlinewidth=\dimen256
)
Package: chemformula 2017/03/23 v4.15e typeset chemical compounds and reactions
 (CN)
\l__chemformula_tmpa_dim=\dimen257
\l__chemformula_tmpb_dim=\dimen258
\l__chemformula_tmpc_dim=\dimen259
\l__chemformula_tmpa_int=\count285
\l__chemformula_tmpb_int=\count286
\l__chemformula_tmpc_int=\count287
\l__chemformula_tmpa_box=\box75
\l__chemformula_tmpb_box=\box76
\l__chemformula_arrow_length_dim=\dimen260
\l__chemformula_arrow_label_height_dim=\dimen261
\l__chemformula_arrow_label_offset_dim=\dimen262
\l__chemformula_arrow_minimum_length_dim=\dimen263
\l__chemformula_arrow_shortage_dim=\dimen264
\l__chemformula_arrow_offset_dim=\dimen265
\l__chemformula_arrow_yshift_dim=\dimen266
\l__chemformula_radical_radius_dim=\dimen267
\l__chemformula_radical_hshift_dim=\dimen268
\l__chemformula_radical_vshift_dim=\dimen269
\l__chemformula_radical_space_dim=\dimen270
\l__chemformula_arrow_head_dim=\dimen271
\l__chemformula_name_dim=\dimen272
\l__chemformula_adduct_space_dim=\dimen273
\l__chemformula_charge_shift_dim=\dimen274
\l__chemformula_subscript_shift_dim=\dimen275
\l__chemformula_superscript_shift_dim=\dimen276
\l__chemformula_subscript_dim=\dimen277
\l__chemformula_superscript_dim=\dimen278
\l__chemformula_bond_dim=\dimen279
\l__chemformula_bond_space_dim=\dimen280
\l__chemformula_elspec_pair_distance_dim=\dimen281
\l__chemformula_elspec_pair_line_length_dim=\dimen282
\l__chemformula_elspec_pair_width_dim=\dimen283
\l__chemformula_kroegervink_positive_radius_dim=\dimen284
\l__chemformula_kroegervink_positive_hshift_dim=\dimen285
\l__chemformula_kroegervink_positive_vshift_dim=\dimen286
\l__chemformula_kroegervink_positive_space_dim=\dimen287
\l__chemformula_stoich_space_skip=\skip59
\l__chemformula_math_space_skip=\skip60
\l__chemformula_count_tokens_int=\count288
\g__chemformula_lewis_int=\count289
\l__chemformula_arrow_arg_i_box=\box77
\l__chemformula_arrow_arg_ii_box=\box78
\l__chemformula_superscript_box=\box79
\l__chemformula_subscript_box=\box80
\l__chemformula_additions_symbol_space_skip=\skip61
\l__chemformula_plus_space_skip=\skip62
\l__chemformula_minus_space_skip=\skip63
)
("C:\Users\rmesserl\AppData\Local\Programs\MiKTeX 2.9\tex/latex/base\fontenc.st
y"
Package: fontenc 2018/08/11 v2.0j Standard LaTeX package

("C:\Users\rmesserl\AppData\Local\Programs\MiKTeX 2.9\tex/latex/base\t1enc.def"
File: t1enc.def 2018/08/11 v2.0j Standard LaTeX file
LaTeX Font Info:    Redeclaring font encoding T1 on input line 48.
))
("C:\Users\rmesserl\AppData\Local\Programs\MiKTeX 2.9\tex/latex/preprint\fullpa
ge.sty"
Package: fullpage 1999/02/23 1.1 (PWD)
\FP@margin=\skip64
)
("C:\Users\rmesserl\AppData\Local\Programs\MiKTeX 2.9\tex/latex/amsfonts\amsfon
ts.sty"
Package: amsfonts 2013/01/14 v3.01 Basic AMSFonts support
\symAMSa=\mathgroup4
\symAMSb=\mathgroup5
LaTeX Font Info:    Overwriting math alphabet `\mathfrak' in version `bold'
(Font)                  U/euf/m/n --> U/euf/b/n on input line 106.
LaTeX Info: Redefining \frak on input line 111.
LaTeX Info: Redefining \Bbb on input line 113.
)
("C:\Users\rmesserl\AppData\Local\Programs\MiKTeX 2.9\tex/latex/float\float.sty
"
Package: float 2001/11/08 v1.3d Float enhancements (AL)
\c@float@type=\count290
\float@exts=\toks34
\float@box=\box81
\@float@everytoks=\toks35
\@floatcapt=\box82
)
("C:\Users\rmesserl\AppData\Local\Programs\MiKTeX 2.9\tex/latex/chemfig\chemfig
.sty"
("C:\Users\rmesserl\AppData\Local\Programs\MiKTeX 2.9\tex/generic/chemfig\chemf
ig.tex"
("C:\Users\rmesserl\AppData\Local\Programs\MiKTeX 2.9\tex/generic/simplekv\simp
lekv.tex")
\CF@cnt@atomingroup=\count291
\CF@cnt@groupnumber=\count292
\CF@cnt@atomnumber=\count293
\CF@cnt@cycle=\count294
\CF@compound@cnt=\count295
\CF@dim=\dimen288
\CF@arrow@size=\dimen289
\CF@lewis@box=\box83
\CF@box@boxa=\box84
\CF@stuff@box=\box85
)
Package: chemfig 2018/10/31 v1.33 Draw molecule with an easy syntax (CT)
)
("C:\Users\rmesserl\AppData\Local\Programs\MiKTeX 2.9\tex/latex/tools\indentfir
st.sty"
Package: indentfirst 1995/11/23 v1.03 Indent first paragraph (DPC)
)
("C:\Users\rmesserl\AppData\Local\Programs\MiKTeX 2.9\tex/latex/tools\longtable
.sty"
Package: longtable 2014/10/28 v4.11 Multi-page Table package (DPC)
\LTleft=\skip65
\LTright=\skip66
\LTpre=\skip67
\LTpost=\skip68
\LTchunksize=\count296
\LTcapwidth=\dimen290
\LT@head=\box86
\LT@firsthead=\box87
\LT@foot=\box88
\LT@lastfoot=\box89
\LT@cols=\count297
\LT@rows=\count298
\c@LT@tables=\count299
\c@LT@chunks=\count300
\LT@p@ftn=\toks36
)
("C:\Users\rmesserl\AppData\Local\Programs\MiKTeX 2.9\tex/latex/tools\array.sty
"
Package: array 2018/11/13 v2.4j Tabular extension package (FMi)
\col@sep=\dimen291
\ar@mcellbox=\box90
\extrarowheight=\dimen292
\NC@list=\toks37
\extratabsurround=\skip69
\backup@length=\skip70
\ar@cellbox=\box91
)
("C:\Users\rmesserl\AppData\Local\Programs\MiKTeX 2.9\tex/latex/cellspace\cells
pace.sty"
Package: cellspace 2017/08/12 v1.7 Spacing table cells (JN)

("C:\Users\rmesserl\AppData\Local\Programs\MiKTeX 2.9\tex/latex/tools\calc.sty"
Package: calc 2017/05/25 v4.3 Infix arithmetic (KKT,FJ)
\calc@Acount=\count301
\calc@Bcount=\count302
\calc@Adimen=\dimen293
\calc@Bdimen=\dimen294
\calc@Askip=\skip71
\calc@Bskip=\skip72
LaTeX Info: Redefining \setlength on input line 80.
LaTeX Info: Redefining \addtolength on input line 81.
\calc@Ccount=\count303
\calc@Cskip=\skip73
)
("C:\Users\rmesserl\AppData\Local\Programs\MiKTeX 2.9\tex/latex/xkeyval\xkeyval
.sty"
Package: xkeyval 2014/12/03 v2.7a package option processing (HA)

("C:\Users\rmesserl\AppData\Local\Programs\MiKTeX 2.9\tex/generic/xkeyval\xkeyv
al.tex"
("C:\Users\rmesserl\AppData\Local\Programs\MiKTeX 2.9\tex/generic/xkeyval\xkvut
ils.tex"
\XKV@toks=\toks38
\XKV@tempa@toks=\toks39
)
\XKV@depth=\count304
File: xkeyval.tex 2014/12/03 v2.7a key=value parser (HA)
))

LaTeX Warning: Command \@startpbox  has changed.
               Check if current package is valid.


LaTeX Warning: Command \@endpbox  has changed.
               Check if current package is valid.

\cellspacetoplimit=\dimen295
\cellspacebottomlimit=\dimen296
\cellspace@firstht=\dimen297
\cellspace@lastdp=\dimen298
)
("C:\Users\rmesserl\AppData\Local\Programs\MiKTeX 2.9\tex/latex/psnfss\palatino
.sty"
Package: palatino 2005/04/12 PSNFSS-v9.2a (SPQR) 
)
("C:\Users\rmesserl\AppData\Local\Programs\MiKTeX 2.9\tex/latex/amsfonts\amssym
b.sty"
Package: amssymb 2013/01/14 v3.01 AMS font symbols
)
("C:\Users\rmesserl\AppData\Local\Programs\MiKTeX 2.9\tex/latex/tools\verbatim.
sty"
Package: verbatim 2014/10/28 v1.5q LaTeX2e package for verbatim enhancements
\every@verbatim=\toks40
\verbatim@line=\toks41
\verbatim@in@stream=\read3
)
("C:\Users\rmesserl\AppData\Local\Programs\MiKTeX 2.9\tex/latex/hyperref\hyperr
ef.sty"
Package: hyperref 2018/11/30 v6.88e Hypertext links for LaTeX

("C:\Users\rmesserl\AppData\Local\Programs\MiKTeX 2.9\tex/generic/oberdiek\hobs
ub-hyperref.sty"
Package: hobsub-hyperref 2016/05/16 v1.14 Bundle oberdiek, subset hyperref (HO)


("C:\Users\rmesserl\AppData\Local\Programs\MiKTeX 2.9\tex/generic/oberdiek\hobs
ub-generic.sty"
Package: hobsub-generic 2016/05/16 v1.14 Bundle oberdiek, subset generic (HO)
Package: hobsub 2016/05/16 v1.14 Construct package bundles (HO)
Package: infwarerr 2016/05/16 v1.4 Providing info/warning/error messages (HO)
Package: ltxcmds 2016/05/16 v1.23 LaTeX kernel commands for general use (HO)
Package: ifluatex 2016/05/16 v1.4 Provides the ifluatex switch (HO)
Package ifluatex Info: LuaTeX not detected.
Package: ifvtex 2016/05/16 v1.6 Detect VTeX and its facilities (HO)
Package ifvtex Info: VTeX not detected.
Package: intcalc 2016/05/16 v1.2 Expandable calculations with integers (HO)
Package: ifpdf 2018/09/07 v3.3 Provides the ifpdf switch
Package: etexcmds 2016/05/16 v1.6 Avoid name clashes with e-TeX commands (HO)
Package: kvsetkeys 2016/05/16 v1.17 Key value parser (HO)
Package: kvdefinekeys 2016/05/16 v1.4 Define keys (HO)
Package: pdftexcmds 2018/09/10 v0.29 Utility functions of pdfTeX for LuaTeX (HO
)
Package pdftexcmds Info: LuaTeX not detected.
Package pdftexcmds Info: \pdf@primitive is available.
Package pdftexcmds Info: \pdf@ifprimitive is available.
Package pdftexcmds Info: \pdfdraftmode found.
Package: pdfescape 2016/05/16 v1.14 Implements pdfTeX's escape features (HO)
Package: bigintcalc 2016/05/16 v1.4 Expandable calculations on big integers (HO
)
Package: bitset 2016/05/16 v1.2 Handle bit-vector datatype (HO)
Package: uniquecounter 2016/05/16 v1.3 Provide unlimited unique counter (HO)
)
Package hobsub Info: Skipping package `hobsub' (already loaded).
Package: letltxmacro 2016/05/16 v1.5 Let assignment for LaTeX macros (HO)
Package: hopatch 2016/05/16 v1.3 Wrapper for package hooks (HO)
Package: xcolor-patch 2016/05/16 xcolor patch
Package: atveryend 2016/05/16 v1.9 Hooks at the very end of document (HO)
Package: atbegshi 2016/06/09 v1.18 At begin shipout hook (HO)
Package: refcount 2016/05/16 v3.5 Data extraction from label references (HO)
Package: hycolor 2016/05/16 v1.8 Color options for hyperref/bookmark (HO)
)
("C:\Users\rmesserl\AppData\Local\Programs\MiKTeX 2.9\tex/generic/ifxetex\ifxet
ex.sty"
Package: ifxetex 2010/09/12 v0.6 Provides ifxetex conditional
)
("C:\Users\rmesserl\AppData\Local\Programs\MiKTeX 2.9\tex/latex/oberdiek\auxhoo
k.sty"
Package: auxhook 2016/05/16 v1.4 Hooks for auxiliary files (HO)
)
("C:\Users\rmesserl\AppData\Local\Programs\MiKTeX 2.9\tex/latex/oberdiek\kvopti
ons.sty"
Package: kvoptions 2016/05/16 v3.12 Key value format for package options (HO)
)
\@linkdim=\dimen299
\Hy@linkcounter=\count305
\Hy@pagecounter=\count306

("C:\Users\rmesserl\AppData\Local\Programs\MiKTeX 2.9\tex/latex/hyperref\pd1enc
.def"
File: pd1enc.def 2018/11/30 v6.88e Hyperref: PDFDocEncoding definition (HO)
Now handling font encoding PD1 ...
... no UTF-8 mapping file for font encoding PD1
)
\Hy@SavedSpaceFactor=\count307

("C:\Users\rmesserl\AppData\Local\Programs\MiKTeX 2.9\tex/latex/00miktex\hyperr
ef.cfg"
File: hyperref.cfg 2002/06/06 v1.2 hyperref configuration of TeXLive
)
Package hyperref Info: Option `colorlinks' set `true' on input line 4393.
Package hyperref Info: Hyper figures OFF on input line 4519.
Package hyperref Info: Link nesting OFF on input line 4524.
Package hyperref Info: Hyper index ON on input line 4527.
Package hyperref Info: Plain pages OFF on input line 4534.
Package hyperref Info: Backreferencing OFF on input line 4539.
Package hyperref Info: Implicit mode ON; LaTeX internals redefined.
Package hyperref Info: Bookmarks ON on input line 4772.
LaTeX Info: Redefining \href on input line 5036.
\c@Hy@tempcnt=\count308
LaTeX Info: Redefining \url on input line 5125.
\XeTeXLinkMargin=\dimen300
\Fld@menulength=\count309
\Field@Width=\dimen301
\Fld@charsize=\dimen302
Package hyperref Info: Hyper figures OFF on input line 6380.
Package hyperref Info: Link nesting OFF on input line 6385.
Package hyperref Info: Hyper index ON on input line 6388.
Package hyperref Info: backreferencing OFF on input line 6395.
Package hyperref Info: Link coloring ON on input line 6398.
Package hyperref Info: Link coloring with OCG OFF on input line 6405.
Package hyperref Info: PDF/A mode OFF on input line 6410.
LaTeX Info: Redefining \ref on input line 6450.
LaTeX Info: Redefining \pageref on input line 6454.
\Hy@abspage=\count310
\c@Item=\count311
\c@Hfootnote=\count312
)
Package hyperref Info: Driver (autodetected): hpdftex.

("C:\Users\rmesserl\AppData\Local\Programs\MiKTeX 2.9\tex/latex/hyperref\hpdfte
x.def"
File: hpdftex.def 2018/11/30 v6.88e Hyperref driver for pdfTeX
\Fld@listcount=\count313
\c@bookmark@seq@number=\count314

("C:\Users\rmesserl\AppData\Local\Programs\MiKTeX 2.9\tex/latex/oberdiek\rerunf
ilecheck.sty"
Package: rerunfilecheck 2016/05/16 v1.8 Rerun checks for auxiliary files (HO)
Package uniquecounter Info: New unique counter `rerunfilecheck' on input line 2
82.
)
\Hy@SectionHShift=\skip74
)
("C:\Users\rmesserl\AppData\Local\Programs\MiKTeX 2.9\tex/latex/siunitx\siunitx
.sty"
Package: siunitx 2018/05/17 v2.7s A comprehensive (SI) units package
\l__siunitx_tmp_box=\box92
\l__siunitx_tmp_dim=\dimen303
\l__siunitx_tmp_int=\count315
\l__siunitx_number_mantissa_length_int=\count316
\l__siunitx_number_uncert_length_int=\count317
\l__siunitx_round_int=\count318
\l__siunitx_process_decimal_int=\count319
\l__siunitx_process_uncertainty_int=\count320
\l__siunitx_process_fixed_int=\count321
\l__siunitx_process_integer_min_int=\count322
\l__siunitx_process_precision_int=\count323
\l__siunitx_group_min_int=\count324
\l__siunitx_angle_marker_box=\box93
\l__siunitx_angle_unit_box=\box94
\l__siunitx_angle_marker_dim=\dimen304
\l__siunitx_angle_unit_dim=\dimen305
\l__siunitx_unit_int=\count325
\l__siunitx_unit_denominator_int=\count326
\l__siunitx_unit_numerator_int=\count327
\l__siunitx_unit_prefix_int=\count328
\l__siunitx_unit_prefix_base_int=\count329
\l__siunitx_unit_prefix_gram_int=\count330
\l__siunitx_number_product_int=\count331
\c__siunitx_one_fill_skip=\skip75
\l__siunitx_table_unit_align_skip=\skip76
\l__siunitx_table_exponent_dim=\dimen306
\l__siunitx_table_integer_dim=\dimen307
\l__siunitx_table_mantissa_dim=\dimen308
\l__siunitx_table_marker_dim=\dimen309
\l__siunitx_table_result_dim=\dimen310
\l__siunitx_table_uncert_dim=\dimen311
\l__siunitx_table_fill_pre_dim=\dimen312
\l__siunitx_table_fill_post_dim=\dimen313
\l__siunitx_table_fill_mid_dim=\dimen314
\l__siunitx_table_pre_box=\box95
\l__siunitx_table_post_box=\box96
\l__siunitx_table_mantissa_box=\box97
\l__siunitx_table_result_box=\box98
\l__siunitx_table_number_align_skip=\skip77
\l__siunitx_table_text_align_skip=\skip78

("C:\Users\rmesserl\AppData\Local\Programs\MiKTeX 2.9\tex/latex/translator\tran
slator.sty"
Package: translator 2018/01/04 v1.12 Easy translation of strings in LaTeX
))
("C:\Users\rmesserl\AppData\Local\Programs\MiKTeX 2.9\tex/latex/tools\xr.sty"
Package: xr 2018/10/01 v5.03 eXternal References (DPC)
)
("C:\Users\rmesserl\AppData\Local\Programs\MiKTeX 2.9\tex/latex/tools\afterpage
.sty"
Package: afterpage 2014/10/28 v1.08 After-Page Package (DPC)
\AP@output=\toks42
\AP@partial=\box99
\AP@footins=\box100
)
Package xr Info: IMPORTING LABELS FROM JCP_Postdoc_3_supporting_information.aux
 on input line 64.

(JCP_Postdoc_3_supporting_information.tex)
(JCP_Postdoc_3_supporting_information.aux)
Class revtex4-1 Info: Unrecognized array package. Please update this document c
lass! (Proceeding with fingers crossed.) on input line 110.

Class revtex4-1 Warning: Repair the float package.

Class revtex4-1 Info: Patching unrecognized longtable package. (Proceeding with
 fingers crossed) on input line 110.
Class revtex4-1 Info: Robustifying \LaTeX's \boldmath command on input line 110
.
Class revtex4-1 Info: cite was not loaded (OK!) on input line 110.
Class revtex4-1 Info: mcite was not loaded (OK!) on input line 110.
Class revtex4-1 Info: multicol was not loaded (OK!) on input line 110.
(JCP_Postdoc_3_manuscript.aux

Package natbib Warning: Citation `LEMMON-RP91' multiply defined.


Package natbib Warning: Citation `Thol2016_LJ' multiply defined.


Package natbib Warning: Citation `Thol_LJTS' multiply defined.


Package natbib Warning: Citation `Rutkai2017' multiply defined.


Package natbib Warning: Citation `Lustig2015' multiply defined.


Package natbib Warning: Citation `Rutkai2015' multiply defined.


Package natbib Warning: Citation `Rutkai2013' multiply defined.


Package natbib Warning: Citation `Thol2016_siloxane_first' multiply defined.


Package natbib Warning: Citation `Thol2016_siloxane' multiply defined.


Package natbib Warning: Citation `Thol2017' multiply defined.


Package natbib Warning: Citation `Thol2015' multiply defined.


Package natbib Warning: Citation `TraPPE' multiply defined.


Package natbib Warning: Citation `Martin1999' multiply defined.


Package natbib Warning: Citation `TraPPEUA2' multiply defined.


Package natbib Warning: Citation `Exp6' multiply defined.


Package natbib Warning: Citation `AUA4' multiply defined.


Package natbib Warning: Citation `Bourasseau2002' multiply defined.


Package natbib Warning: Citation `Mie' multiply defined.


Package natbib Warning: Citation `Potoff_branched' multiply defined.


Package natbib Warning: Citation `TAMie' multiply defined.


Package natbib Warning: Citation `Weidler2016' multiply defined.


Package natbib Warning: Citation `Herdes2015' multiply defined.


Package natbib Warning: Citation `Pareto_LJPQ' multiply defined.


Package natbib Warning: Citation `Mess4' multiply defined.


Package natbib Warning: Citation `Allen1987' multiply defined.


Package natbib Warning: Citation `Gordon2006' multiply defined.


Package natbib Warning: Citation `Galliero2005' multiply defined.


Package natbib Warning: Citation `Rowley1999' multiply defined.


Package natbib Warning: Citation `Rowley2001' multiply defined.


Package natbib Warning: Citation `Hayes2004' multiply defined.


Package natbib Warning: Citation `Kulakova2017' multiply defined.


Package natbib Warning: Citation `Mick_Mie' multiply defined.


Package natbib Warning: Citation `Ethane2006' multiply defined.


Package natbib Warning: Citation `Propane2009' multiply defined.


Package natbib Warning: Citation `Butane2006' multiply defined.


Package natbib Warning: Citation `Beckmueller2017' multiply defined.


Package natbib Warning: Citation `Lemmon2006' multiply defined.


Package natbib Warning: Citation `Blackham2017' multiply defined.


Package natbib Warning: Citation `GROMACS_2018' multiply defined.


Package natbib Warning: Citation `Swope1982' multiply defined.


Package natbib Warning: Citation `Hoover1985' multiply defined.


Package natbib Warning: Citation `Hess1998' multiply defined.


Package natbib Warning: Citation `Hess2008' multiply defined.


Package natbib Warning: Citation `Mostafa_Diss' multiply defined.


Package natbib Warning: Citation `Postdoc_1' multiply defined.


Package natbib Warning: Citation `Mostafa2018' multiply defined.


Package natbib Warning: Citation `Nieto2008' multiply defined.


Package natbib Warning: Citation `Bay_Deriv' multiply defined.


Package natbib Warning: Citation `Bay_MD' multiply defined.


Package natbib Warning: Citation `Bay_UQ' multiply defined.


Package natbib Warning: Citation `Wu2016' multiply defined.


Package natbib Warning: Citation `shirts-chodera:jcp:2008:mbar' multiply define
d.


Package natbib Warning: Citation `Riedel' multiply defined.


Package natbib Warning: Citation `Funke' multiply defined.


Package natbib Warning: Citation `naden:jctc:2016' multiply defined.


Package natbib Warning: Citation `Patrone2016' multiply defined.


Package natbib Warning: Citation `RoundRobin' multiply defined.


Package natbib Warning: Citation `TDE' multiply defined.


Package natbib Warning: Citation `Pareto_Deriv' multiply defined.


Package natbib Warning: Citation `Pareto_ST' multiply defined.


Package natbib Warning: Citation `Jeffreys2004' multiply defined.


Package natbib Warning: Citation `Hajigeorgiou2016' multiply defined.


Package natbib Warning: Citation `Kalos1972' multiply defined.


Package natbib Warning: Citation `ms2' multiply defined.

)
\openout1 = `JCP_Postdoc_3_manuscript.aux'.

LaTeX Font Info:    Checking defaults for OML/cmm/m/it on input line 110.
LaTeX Font Info:    ... okay on input line 110.
LaTeX Font Info:    Checking defaults for T1/cmr/m/n on input line 110.
LaTeX Font Info:    ... okay on input line 110.
LaTeX Font Info:    Checking defaults for OT1/cmr/m/n on input line 110.
LaTeX Font Info:    ... okay on input line 110.
LaTeX Font Info:    Checking defaults for OMS/cmsy/m/n on input line 110.
LaTeX Font Info:    ... okay on input line 110.
LaTeX Font Info:    Checking defaults for OMX/cmex/m/n on input line 110.
LaTeX Font Info:    ... okay on input line 110.
LaTeX Font Info:    Checking defaults for U/cmr/m/n on input line 110.
LaTeX Font Info:    ... okay on input line 110.
LaTeX Font Info:    Checking defaults for TS1/cmr/m/n on input line 110.
LaTeX Font Info:    Try loading font information for TS1+cmr on input line 110.

 ("C:\Users\rmesserl\AppData\Local\Programs\MiKTeX 2.9\tex/latex/base\ts1cmr.fd
"
File: ts1cmr.fd 2014/09/29 v2.5h Standard LaTeX font definitions
)
LaTeX Font Info:    ... okay on input line 110.
LaTeX Font Info:    Checking defaults for PD1/pdf/m/n on input line 110.
LaTeX Font Info:    ... okay on input line 110.
LaTeX Font Info:    Try loading font information for T1+ppl on input line 110.

("C:\Users\rmesserl\AppData\Local\Programs\MiKTeX 2.9\tex/latex/psnfss\t1ppl.fd
"
File: t1ppl.fd 2001/06/04 font definitions for T1/ppl.
) ABD: EveryShipout initializing macros
("C:\Users\rmesserl\AppData\Local\Programs\MiKTeX 2.9\tex/context/base\supp-pdf
.mkii"
[Loading MPS to PDF converter (version 2006.09.02).]
\scratchcounter=\count332
\scratchdimen=\dimen315
\scratchbox=\box101
\nofMPsegments=\count333
\nofMParguments=\count334
\everyMPshowfont=\toks43
\MPscratchCnt=\count335
\MPscratchDim=\dimen316
\MPnumerator=\count336
\makeMPintoPDFobject=\count337
\everyMPtoPDFconversion=\toks44
)
("C:\Users\rmesserl\AppData\Local\Programs\MiKTeX 2.9\tex/latex/oberdiek\epstop
df-base.sty"
Package: epstopdf-base 2016/05/15 v2.6 Base part for package epstopdf

("C:\Users\rmesserl\AppData\Local\Programs\MiKTeX 2.9\tex/latex/oberdiek\grfext
.sty"
Package: grfext 2016/05/16 v1.2 Manage graphics extensions (HO)
)
Package epstopdf-base Info: Redefining graphics rule for `.eps' on input line 4
38.
Package grfext Info: Graphics extension search list:
(grfext)             [.pdf,.png,.jpg,.mps,.jpeg,.jbig2,.jb2,.PDF,.PNG,.JPG,.JPE
G,.JBIG2,.JB2,.eps]
(grfext)             \AppendGraphicsExtensions on input line 456.
)
\AtBeginShipoutBox=\box102
Package hyperref Info: Link coloring ON on input line 110.

("C:\Users\rmesserl\AppData\Local\Programs\MiKTeX 2.9\tex/latex/hyperref\namere
f.sty"
Package: nameref 2016/05/21 v2.44 Cross-referencing by name of section

("C:\Users\rmesserl\AppData\Local\Programs\MiKTeX 2.9\tex/generic/oberdiek\gett
itlestring.sty"
Package: gettitlestring 2016/05/16 v1.5 Cleanup title references (HO)
)
\c@section@level=\count338
)
LaTeX Info: Redefining \ref on input line 110.
LaTeX Info: Redefining \pageref on input line 110.
LaTeX Info: Redefining \nameref on input line 110.
 (JCP_Postdoc_3_manuscript.out) (JCP_Postdoc_3_manuscript.out)
\@outlinefile=\write5
\openout5 = `JCP_Postdoc_3_manuscript.out'.


Package siunitx Warning: Column type for cellspace package moved to 'C'.


("C:\Users\rmesserl\AppData\Local\Programs\MiKTeX 2.9\tex/latex/translator\tran
slator-basic-dictionary-English.dict"
Dictionary: translator-basic-dictionary, Language: English 
)
("C:\Users\rmesserl\AppData\Local\Programs\MiKTeX 2.9\tex/latex/siunitx\siunitx
-abbreviations.cfg"
File: siunitx-abbreviations.cfg 2017/11/26 v2.7k siunitx: Abbreviated units
)
Class revtex4-1 Info: Taking \maketitle back from hyperref on input line 110.
\openout3 = `JCP_Postdoc_3_manuscriptNotes.bib'.

LaTeX Font Info:    Try loading font information for U+msa on input line 110.

("C:\Users\rmesserl\AppData\Local\Programs\MiKTeX 2.9\tex/latex/amsfonts\umsa.f
d"
File: umsa.fd 2013/01/14 v3.01 AMS symbols A
)
LaTeX Font Info:    Try loading font information for U+msb on input line 110.

("C:\Users\rmesserl\AppData\Local\Programs\MiKTeX 2.9\tex/latex/amsfonts\umsb.f
d"
File: umsb.fd 2013/01/14 v3.01 AMS symbols B
)
LaTeX Font Info:    Try loading font information for T1+phv on input line 198.

("C:\Users\rmesserl\AppData\Local\Programs\MiKTeX 2.9\tex/latex/psnfss\t1phv.fd
"
File: t1phv.fd 2001/06/04 scalable font definitions for T1/phv.
)
LaTeX Font Info:    Font shape `T1/phv/bx/n' in size <12> not available
(Font)              Font shape `T1/phv/b/n' tried instead on input line 198.


Package hyperref Warning: Token not allowed in a PDF string (PDFDocEncoding):
(hyperref)                removing `math shift' on input line 198.


Package hyperref Warning: Token not allowed in a PDF string (PDFDocEncoding):
(hyperref)                removing `\lambda' on input line 198.


Package hyperref Warning: Token not allowed in a PDF string (PDFDocEncoding):
(hyperref)                removing `math shift' on input line 198.

[1{C:/Users/rmesserl/AppData/Local/MiKTeX/2.9/pdftex/config/pdftex.map}]

Package hyperref Warning: Ignoring empty anchor on input line 200.

LaTeX Font Info:    Font shape `T1/ppl/bx/n' in size <12> not available
(Font)              Font shape `T1/ppl/b/n' tried instead on input line 293.

Overfull \vbox (21.05634pt too high) has occurred while \output is active []


[2] [3] [4] [5] [6]
Overfull \hbox (24.79655pt too wide) in paragraph at lines 520--521
\T1/ppl/m/n/12 sen to rep-re-sent a di-verse set of the nor-mal and branched al
ka-nes avail-able in REFPROP.$[]$ 
 []

[7]
<figures/simulation_conditions.pdf, id=263, 722.7pt x 722.7pt>
File: figures/simulation_conditions.pdf Graphic file (type pdf)
<use figures/simulation_conditions.pdf>
Package pdftex.def Info: figures/simulation_conditions.pdf  used on input line 
554.
(pdftex.def)             Requested size: 231.26378pt x 231.25769pt.
 [8] [9 <./figures/simulation_conditions.pdf>]

pdfTeX warning: pdflatex.exe (file ./figures/AUA_isooctane.pdf): PDF inclusion:
 found PDF version <1.7>, but at most version <1.5> allowed
<figures/AUA_isooctane.pdf, id=344, 1300.86pt x 679.33798pt>
File: figures/AUA_isooctane.pdf Graphic file (type pdf)
<use figures/AUA_isooctane.pdf>
Package pdftex.def Info: figures/AUA_isooctane.pdf  used on input line 607.
(pdftex.def)             Requested size: 231.26378pt x 120.76215pt.

LaTeX Warning: `!h' float specifier changed to `!ht'.

[10 <./figures/AUA_isooctane.pdf>]

LaTeX Warning: `!h' float specifier changed to `!ht'.

<figures/UF_Mie_Exp6.pdf, id=381, 1445.4pt x 722.7pt>
File: figures/UF_Mie_Exp6.pdf Graphic file (type pdf)
<use figures/UF_Mie_Exp6.pdf>
Package pdftex.def Info: figures/UF_Mie_Exp6.pdf  used on input line 695.
(pdftex.def)             Requested size: 462.52756pt x 231.25769pt.
[11]

LaTeX Warning: `!h' float specifier changed to `!ht'.


LaTeX Warning: `!h' float specifier changed to `!ht'.

[12 <./figures/UF_Mie_Exp6.pdf>] [13]
<figures/IC_normal_alkanes_all_models.pdf, id=506, 1445.4pt x 1445.4pt>
File: figures/IC_normal_alkanes_all_models.pdf Graphic file (type pdf)
<use figures/IC_normal_alkanes_all_models.pdf>
Package pdftex.def Info: figures/IC_normal_alkanes_all_models.pdf  used on inpu
t line 874.
(pdftex.def)             Requested size: 462.52756pt x 462.5154pt.


LaTeX Warning: Float too large for page by 9.42322pt on input line 883.

<figures/IC_branched_alkanes_all_models.pdf, id=513, 1445.4pt x 1445.4pt>
File: figures/IC_branched_alkanes_all_models.pdf Graphic file (type pdf)
<use figures/IC_branched_alkanes_all_models.pdf>
Package pdftex.def Info: figures/IC_branched_alkanes_all_models.pdf  used on in
put line 894.
(pdftex.def)             Requested size: 462.52756pt x 462.5154pt.
[14] [15 <./figures/IC_normal_alkanes_all_models.pdf>] [16 <./figures/IC_branch
ed_alkanes_all_models.pdf>] [17] [18]
LaTeX Font Info:    Font shape `T1/ppl/bx/it' in size <12> not available
(Font)              Font shape `T1/ppl/b/it' tried instead on input line 1096.
 [19] [20] [21] [22] [23] [24] [25]
<figures/Error_model_alkanes.pdf, id=914, 1445.4pt x 722.7pt>
File: figures/Error_model_alkanes.pdf Graphic file (type pdf)
<use figures/Error_model_alkanes.pdf>
Package pdftex.def Info: figures/Error_model_alkanes.pdf  used on input line 14
92.
(pdftex.def)             Requested size: 462.52756pt x 231.25769pt.

[26]
<figures/MCMC_ethane_parameter_space.pdf, id=940, 722.7pt x 722.7pt>
File: figures/MCMC_ethane_parameter_space.pdf Graphic file (type pdf)
<use figures/MCMC_ethane_parameter_space.pdf>
Package pdftex.def Info: figures/MCMC_ethane_parameter_space.pdf  used on input
 line 1661.
(pdftex.def)             Requested size: 231.26378pt x 231.25769pt.
 [27 <./figures/Error_model_alkanes.pdf>]
<figures/MCMC_ethane_VLE.pdf, id=1030, 1445.4pt x 722.7pt>
File: figures/MCMC_ethane_VLE.pdf Graphic file (type pdf)
<use figures/MCMC_ethane_VLE.pdf>
Package pdftex.def Info: figures/MCMC_ethane_VLE.pdf  used on input line 1673.
(pdftex.def)             Requested size: 462.52756pt x 231.25769pt.
<figures/MCMC_ethane_Phigh.pdf, id=1039, 722.7pt x 722.7pt>
File: figures/MCMC_ethane_Phigh.pdf Graphic file (type pdf)
<use figures/MCMC_ethane_Phigh.pdf>
Package pdftex.def Info: figures/MCMC_ethane_Phigh.pdf  used on input line 1692
.
(pdftex.def)             Requested size: 231.26378pt x 231.25769pt.
 [28 <./figures/MCMC_ethane_parameter_space.pdf>] [29 <./figures/MCMC_ethane_VL
E.pdf>]
<figures/MCMC_Mie_13_14_15_16_17_18_ethane_Pareto.pdf, id=1200, 722.7pt x 2168.
1pt>
File: figures/MCMC_Mie_13_14_15_16_17_18_ethane_Pareto.pdf Graphic file (type p
df)
<use figures/MCMC_Mie_13_14_15_16_17_18_ethane_Pareto.pdf>
Package pdftex.def Info: figures/MCMC_Mie_13_14_15_16_17_18_ethane_Pareto.pdf  
used on input line 1708.
(pdftex.def)             Requested size: 180.67499pt x 542.02368pt.


LaTeX Warning: Float too large for page by 47.14418pt on input line 1713.

[30 <./figures/MCMC_ethane_Phigh.pdf>] [31 <./figures/MCMC_Mie_13_14_15_16_17_1
8_ethane_Pareto.pdf>]
<figures/Evidence_Mie_CH3_CH2.pdf, id=1337, 1445.4pt x 722.7pt>
File: figures/Evidence_Mie_CH3_CH2.pdf Graphic file (type pdf)
<use figures/Evidence_Mie_CH3_CH2.pdf>
Package pdftex.def Info: figures/Evidence_Mie_CH3_CH2.pdf  used on input line 1
742.
(pdftex.def)             Requested size: 346.89621pt x 173.4405pt.
 [32 <./figures/Evidence_Mie_CH3_CH2.pdf>]
<figures/MCMC_Mie_14_16_propane_butane_octane.pdf, id=1382, 1445.4pt x 722.7pt>

File: figures/MCMC_Mie_14_16_propane_butane_octane.pdf Graphic file (type pdf)
<use figures/MCMC_Mie_14_16_propane_butane_octane.pdf>
Package pdftex.def Info: figures/MCMC_Mie_14_16_propane_butane_octane.pdf  used
 on input line 1806.
(pdftex.def)             Requested size: 462.52756pt x 231.25769pt.
 [33] [34 <./figures/MCMC_Mie_14_16_propane_butane_octane.pdf>] [35] [36] [37] 
[38] [39]
[40] [41] [42] [43]
Underfull \hbox (badness 5203) in paragraph at lines 2480--2484
[]\T1/ppl/m/n/12 Panagiotis An-ge-likopou-los, Costas Pa-padim-itriou, and Pet-
ros Koumout-sakos.
 []

[44] [45] (JCP_Postdoc_3_manuscript.bblpdfTeX warning (ext4): destination with 
the same identifier (name{cite.LEMMON-RP91}) has been already used, duplicate i
gnored
<to be read again> 
                   \relax 
l.3 \bibitem{LEMMON-RP91}
                         pdfTeX warning (ext4): destination with the same ident
ifier (name{cite.Thol2016_LJ}) has been already used, duplicate ignored
<to be read again> 
                   \relax 
l.9 \bibitem{Thol2016_LJ}
                         pdfTeX warning (ext4): destination with the same ident
ifier (name{cite.Thol_LJTS}) has been already used, duplicate ignored
<to be read again> 
                   \relax 
l.16 \bibitem{Thol_LJTS}
                        pdfTeX warning (ext4): destination with the same identi
fier (name{cite.Rutkai2017}) has been already used, duplicate ignored
<to be read again> 
                   \relax 
l.22 \bibitem{Rutkai2017}
                         pdfTeX warning (ext4): destination with the same ident
ifier (name{cite.Lustig2015}) has been already used, duplicate ignored
<to be read again> 
                   \relax 
l.28 \bibitem{Lustig2015}
                         pdfTeX warning (ext4): destination with the same ident
ifier (name{cite.Rutkai2015}) has been already used, duplicate ignored
<to be read again> 
                   \relax 
l.33 \bibitem{Rutkai2015}
                         pdfTeX warning (ext4): destination with the same ident
ifier (name{cite.Rutkai2013}) has been already used, duplicate ignored
<to be read again> 
                   \relax 
l.40 \bibitem{Rutkai2013}
                          [46]pdfTeX warning (ext4): destination with the same 
identifier (name{cite.Thol2016_siloxane_first}) has been already used, duplicat
e ignored
<to be read again> 
                   \relax 
l.46 \bibitem{Thol2016_siloxane_first}
                                      pdfTeX warning (ext4): destination with t
he same identifier (name{cite.Thol2016_siloxane}) has been already used, duplic
ate ignored
<to be read again> 
                   \relax 
l.55 \bibitem{Thol2016_siloxane}
                                pdfTeX warning (ext4): destination with the sam
e identifier (name{cite.Thol2017}) has been already used, duplicate ignored
<to be read again> 
                   \relax 
l.62 \bibitem{Thol2017}
                       pdfTeX warning (ext4): destination with the same identif
ier (name{cite.Thol2015}) has been already used, duplicate ignored
<to be read again> 
                   \relax 
l.68 \bibitem{Thol2015}
                       pdfTeX warning (ext4): destination with the same identif
ier (name{cite.TraPPE}) has been already used, duplicate ignored
<to be read again> 
                   \relax 
l.77 \bibitem{TraPPE}
                     pdfTeX warning (ext4): destination with the same identifie
r (name{cite.Martin1999}) has been already used, duplicate ignored
<to be read again> 
                   \relax 
l.83 \bibitem{Martin1999}
                         pdfTeX warning (ext4): destination with the same ident
ifier (name{cite.TraPPEUA2}) has been already used, duplicate ignored
<to be read again> 
                   \relax 
l.90 \bibitem{TraPPEUA2}
                        pdfTeX warning (ext4): destination with the same identi
fier (name{cite.Exp6}) has been already used, duplicate ignored
<to be read again> 
                   \relax 
l.96 \bibitem{Exp6}
                   pdfTeX warning (ext4): destination with the same identifier 
(name{cite.AUA4}) has been already used, duplicate ignored
<to be read again> 
                   \relax 
l.102 \bibitem{AUA4}
                     [47]pdfTeX warning (ext4): destination with the same ident
ifier (name{cite.Bourasseau2002}) has been already used, duplicate ignored
<to be read again> 
                   \relax 
l.109 \bibitem{Bourasseau2002}
                              pdfTeX warning (ext4): destination with the same 
identifier (name{cite.Mie}) has been already used, duplicate ignored
<to be read again> 
                   \relax 
l.115 \bibitem{Mie}
                   pdfTeX warning (ext4): destination with the same identifier 
(name{cite.Potoff_branched}) has been already used, duplicate ignored
<to be read again> 
                   \relax 
l.122 \bibitem{Potoff_branched}
                               pdfTeX warning (ext4): destination with the same
 identifier (name{cite.TAMie}) has been already used, duplicate ignored
<to be read again> 
                   \relax 
l.130 \bibitem{TAMie}
                     pdfTeX warning (ext4): destination with the same identifie
r (name{cite.Weidler2016}) has been already used, duplicate ignored
<to be read again> 
                   \relax 
l.137 \bibitem{Weidler2016}
                           pdfTeX warning (ext4): destination with the same ide
ntifier (name{cite.Herdes2015}) has been already used, duplicate ignored
<to be read again> 
                   \relax 
l.144 \bibitem{Herdes2015}
                          pdfTeX warning (ext4): destination with the same iden
tifier (name{cite.Pareto_LJPQ}) has been already used, duplicate ignored
<to be read again> 
                   \relax 
l.150 \bibitem{Pareto_LJPQ}
                           pdfTeX warning (ext4): destination with the same ide
ntifier (name{cite.Mess4}) has been already used, duplicate ignored
<to be read again> 
                   \relax 
l.156 \bibitem{Mess4}
                     pdfTeX warning (ext4): destination with the same identifie
r (name{cite.Allen1987}) has been already used, duplicate ignored
<to be read again> 
                   \relax 
l.162 \bibitem{Allen1987}
                         pdfTeX warning (ext4): destination with the same ident
ifier (name{cite.Gordon2006}) has been already used, duplicate ignored
<to be read again> 
                   \relax 
l.168 \bibitem{Gordon2006}
                           [48]pdfTeX warning (ext4): destination with the same
 identifier (name{cite.Galliero2005}) has been already used, duplicate ignored
<to be read again> 
                   \relax 
l.174 \bibitem{Galliero2005}
                            pdfTeX warning (ext4): destination with the same id
entifier (name{cite.Rowley1999}) has been already used, duplicate ignored
<to be read again> 
                   \relax 
l.182 \bibitem{Rowley1999}
                          pdfTeX warning (ext4): destination with the same iden
tifier (name{cite.Rowley2001}) has been already used, duplicate ignored
<to be read again> 
                   \relax 
l.188 \bibitem{Rowley2001}
                          pdfTeX warning (ext4): destination with the same iden
tifier (name{cite.Hayes2004}) has been already used, duplicate ignored
<to be read again> 
                   \relax 
l.194 \bibitem{Hayes2004}
                         pdfTeX warning (ext4): destination with the same ident
ifier (name{cite.Kulakova2017}) has been already used, duplicate ignored
<to be read again> 
                   \relax 
l.200 \bibitem{Kulakova2017}
                            pdfTeX warning (ext4): destination with the same id
entifier (name{cite.Mick_Mie}) has been already used, duplicate ignored
<to be read again> 
                   \relax 
l.207 \bibitem{Mick_Mie}
                        pdfTeX warning (ext4): destination with the same identi
fier (name{cite.Ethane2006}) has been already used, duplicate ignored
<to be read again> 
                   \relax 
l.214 \bibitem{Ethane2006}
                          pdfTeX warning (ext4): destination with the same iden
tifier (name{cite.Propane2009}) has been already used, duplicate ignored
<to be read again> 
                   \relax 
l.222 \bibitem{Propane2009}
                           pdfTeX warning (ext4): destination with the same ide
ntifier (name{cite.Butane2006}) has been already used, duplicate ignored
<to be read again> 
                   \relax 
l.230 \bibitem{Butane2006}
                           [49]pdfTeX warning (ext4): destination with the same
 identifier (name{cite.Beckmueller2017}) has been already used, duplicate ignor
ed
<to be read again> 
                   \relax 
l.237 \bibitem{Beckmueller2017}
                               pdfTeX warning (ext4): destination with the same
 identifier (name{cite.Lemmon2006}) has been already used, duplicate ignored
<to be read again> 
                   \relax 
l.243 \bibitem{Lemmon2006}
                          pdfTeX warning (ext4): destination with the same iden
tifier (name{cite.Blackham2017}) has been already used, duplicate ignored
<to be read again> 
                   \relax 
l.248 \bibitem{Blackham2017}
                            pdfTeX warning (ext4): destination with the same id
entifier (name{cite.GROMACS_2018}) has been already used, duplicate ignored
<to be read again> 
                   \relax 
l.254 \bibitem{GROMACS_2018}
                            pdfTeX warning (ext4): destination with the same id
entifier (name{cite.Swope1982}) has been already used, duplicate ignored
<to be read again> 
                   \relax 
l.259 \bibitem{Swope1982}
                         pdfTeX warning (ext4): destination with the same ident
ifier (name{cite.Hoover1985}) has been already used, duplicate ignored
<to be read again> 
                   \relax 
l.266 \bibitem{Hoover1985}
                          pdfTeX warning (ext4): destination with the same iden
tifier (name{cite.Hess1998}) has been already used, duplicate ignored
<to be read again> 
                   \relax 
l.271 \bibitem{Hess1998}
                        pdfTeX warning (ext4): destination with the same identi
fier (name{cite.Hess2008}) has been already used, duplicate ignored
<to be read again> 
                   \relax 
l.276 \bibitem{Hess2008}
                        pdfTeX warning (ext4): destination with the same identi
fier (name{cite.Mostafa_Diss}) has been already used, duplicate ignored
<to be read again> 
                   \relax 
l.283 \bibitem{Mostafa_Diss}
                            pdfTeX warning (ext4): destination with the same id
entifier (name{cite.Postdoc_1}) has been already used, duplicate ignored
<to be read again> 
                   \relax 
l.289 \bibitem{Postdoc_1}
                         pdfTeX warning (ext4): destination with the same ident
ifier (name{cite.Mostafa2018}) has been already used, duplicate ignored
<to be read again> 
                   \relax 
l.296 \bibitem{Mostafa2018}
                           pdfTeX warning (ext4): destination with the same ide
ntifier (name{cite.Nieto2008}) has been already used, duplicate ignored
<to be read again> 
                   \relax 
l.302 \bibitem{Nieto2008}
                          [50]pdfTeX warning (ext4): destination with the same 
identifier (name{cite.Bay_Deriv}) has been already used, duplicate ignored
<to be read again> 
                   \relax 
l.311 \bibitem{Bay_Deriv}
                         pdfTeX warning (ext4): destination with the same ident
ifier (name{cite.Bay_MD}) has been already used, duplicate ignored
<to be read again> 
                   \relax 
l.318 \bibitem{Bay_MD}
                      
Underfull \hbox (badness 5203) in paragraph at lines 319--323
[]\T1/ppl/m/n/12 Panagiotis An-ge-likopou-los, Costas Pa-padim-itriou, and Pet-
ros Koumout-sakos.
 []

pdfTeX warning (ext4): destination with the same identifier (name{cite.Bay_UQ})
 has been already used, duplicate ignored
<to be read again> 
                   \relax 
l.324 \bibitem{Bay_UQ}
                      pdfTeX warning (ext4): destination with the same identifi
er (name{cite.Wu2016}) has been already used, duplicate ignored
<to be read again> 
                   \relax 
l.330 \bibitem{Wu2016}
                      pdfTeX warning (ext4): destination with the same identifi
er (name{cite.shirts-chodera:jcp:2008:mbar}) has been already used, duplicate i
gnored
<to be read again> 
                   \relax 
l.337 \bibitem{shirts-chodera:jcp:2008:mbar}
                                            pdfTeX warning (ext4): destination 
with the same identifier (name{cite.Riedel}) has been already used, duplicate i
gnored
<to be read again> 
                   \relax 
l.343 \bibitem{Riedel}
                      pdfTeX warning (ext4): destination with the same identifi
er (name{cite.Funke}) has been already used, duplicate ignored
<to be read again> 
                   \relax 
l.349 \bibitem{Funke}
                     pdfTeX warning (ext4): destination with the same identifie
r (name{cite.naden:jctc:2016}) has been already used, duplicate ignored
<to be read again> 
                   \relax 
l.357 \bibitem{naden:jctc:2016}
                               pdfTeX warning (ext4): destination with the same
 identifier (name{cite.Patrone2016}) has been already used, duplicate ignored
<to be read again> 
                   \relax 
l.364 \bibitem{Patrone2016}
                            [51]pdfTeX warning (ext4): destination with the sam
e identifier (name{cite.RoundRobin}) has been already used, duplicate ignored
<to be read again> 
                   \relax 
l.371 \bibitem{RoundRobin}
                          pdfTeX warning (ext4): destination with the same iden
tifier (name{cite.TDE}) has been already used, duplicate ignored
<to be read again> 
                   \relax 
l.381 \bibitem{TDE}
                   pdfTeX warning (ext4): destination with the same identifier 
(name{cite.Pareto_Deriv}) has been already used, duplicate ignored
<to be read again> 
                   \relax 
l.389 \bibitem{Pareto_Deriv}
                            pdfTeX warning (ext4): destination with the same id
entifier (name{cite.Pareto_ST}) has been already used, duplicate ignored
<to be read again> 
                   \relax 
l.395 \bibitem{Pareto_ST}
                         pdfTeX warning (ext4): destination with the same ident
ifier (name{cite.Jeffreys2004}) has been already used, duplicate ignored
<to be read again> 
                   \relax 
l.404 \bibitem{Jeffreys2004}
                            pdfTeX warning (ext4): destination with the same id
entifier (name{cite.Hajigeorgiou2016}) has been already used, duplicate ignored

<to be read again> 
                   \relax 
l.409 \bibitem{Hajigeorgiou2016}
                                pdfTeX warning (ext4): destination with the sam
e identifier (name{cite.Kalos1972}) has been already used, duplicate ignored
<to be read again> 
                   \relax 
l.416 \bibitem{Kalos1972}
                         pdfTeX warning (ext4): destination with the same ident
ifier (name{cite.ms2}) has been already used, duplicate ignored
<to be read again> 
                   \relax 
l.422 \bibitem{ms2}
                   )

Package natbib Warning: There were multiply defined citations.

[52]
Package atveryend Info: Empty hook `AfterLastShipout' on input line 2594.
 (JCP_Postdoc_3_manuscript.aux

Package natbib Warning: Citation(s) may have changed.
(natbib)                Rerun to get citations correct.

)
Package atveryend Info: Executing hook `AtVeryEndDocument' on input line 2594.
Package atveryend Info: Executing hook `AtEndAfterFileList' on input line 2594.

Package rerunfilecheck Info: File `JCP_Postdoc_3_manuscript.out' has not change
d.
(rerunfilecheck)             Checksum: 0AAB29FCCB9C5841533376140551EBD6;1673.
 ) 
Here is how much of TeX's memory you used:
 33487 strings out of 492946
 663456 string characters out of 3124934
 715328 words of memory out of 3000000
 36727 multiletter control sequences out of 15000+200000
 567909 words of font info for 96 fonts, out of 3000000 for 9000
 1141 hyphenation exceptions out of 8191
 62i,11n,69p,1794b,1242s stack positions out of 5000i,500n,10000p,200000b,50000s
pdfTeX warning (dest): name{section.5} has been referenced but does not exist
, replaced by a fixed one

pdfTeX warning (dest): name{section.4} has been referenced but does not exist, 
replaced by a fixed one

pdfTeX warning (dest): name{section.3} has been referenced but does not exist, 
replaced by a fixed one

pdfTeX warning (dest): name{section.2} has been referenced but does not exist, 
replaced by a fixed one

pdfTeX warning (dest): name{section.1} has been referenced but does not exist, 
replaced by a fixed one

{C:/Users/rmesserl/AppData/Local/Programs/MiKTeX 2.9/fonts/enc/dvips/base/8r.en
c}<C:/Users/rmesserl/AppData/Local/Programs/MiKTeX 2.9/fonts/type1/public/amsfo
nts/cm/cmex10.pfb><C:/Users/rmesserl/AppData/Local/Programs/MiKTeX 2.9/fonts/ty
pe1/public/amsfonts/cm/cmmi10.pfb><C:/Users/rmesserl/AppData/Local/Programs/MiK
TeX 2.9/fonts/type1/public/amsfonts/cm/cmmi12.pfb><C:/Users/rmesserl/AppData/Lo
cal/Programs/MiKTeX 2.9/fonts/type1/public/amsfonts/cm/cmmi6.pfb><C:/Users/rmes
serl/AppData/Local/Programs/MiKTeX 2.9/fonts/type1/public/amsfonts/cm/cmmi8.pfb
><C:/Users/rmesserl/AppData/Local/Programs/MiKTeX 2.9/fonts/type1/public/amsfon
ts/cm/cmr10.pfb><C:/Users/rmesserl/AppData/Local/Programs/MiKTeX 2.9/fonts/type
1/public/amsfonts/cm/cmr12.pfb><C:/Users/rmesserl/AppData/Local/Programs/MiKTeX
 2.9/fonts/type1/public/amsfonts/cm/cmr6.pfb><C:/Users/rmesserl/AppData/Local/P
rograms/MiKTeX 2.9/fonts/type1/public/amsfonts/cm/cmr8.pfb><C:/Users/rmesserl/A
ppData/Local/Programs/MiKTeX 2.9/fonts/type1/public/amsfonts/cm/cmsy10.pfb><C:/
Users/rmesserl/AppData/Local/Programs/MiKTeX 2.9/fonts/type1/public/amsfonts/cm
/cmsy6.pfb><C:/Users/rmesserl/AppData/Local/Programs/MiKTeX 2.9/fonts/type1/pub
lic/amsfonts/cm/cmsy8.pfb><C:/Users/rmesserl/AppData/Local/Programs/MiKTeX 2.9/
fonts/type1/urw/helvetic/uhvb8a.pfb><C:/Users/rmesserl/AppData/Local/Programs/M
iKTeX 2.9/fonts/type1/urw/helvetic/uhvr8a.pfb><C:/Users/rmesserl/AppData/Local/
Programs/MiKTeX 2.9/fonts/type1/urw/palatino/uplb8a.pfb><C:/Users/rmesserl/AppD
ata/Local/Programs/MiKTeX 2.9/fonts/type1/urw/palatino/uplbi8a.pfb><C:/Users/rm
esserl/AppData/Local/Programs/MiKTeX 2.9/fonts/type1/urw/palatino/uplr8a.pfb><C
:/Users/rmesserl/AppData/Local/Programs/MiKTeX 2.9/fonts/type1/urw/palatino/upl
ri8a.pfb>
Output written on JCP_Postdoc_3_manuscript.pdf (52 pages, 2103144 bytes).
PDF statistics:
 1694 PDF objects out of 1728 (max. 8388607)
 197 named destinations out of 1000 (max. 500000)
 273 words of extra memory for PDF output out of 10000 (max. 10000000)

