\BOOKMARK [0][-]{section*.2}{Uncertainty quantification confirms unreliable extrapolation toward high pressures for united-atom Mie -6 force field}{}% 2
\BOOKMARK [1][-]{section*.1}{Abstract}{section*.2}% 1
\BOOKMARK [1][-]{section*.3}{Introduction}{section*.2}% 3
\BOOKMARK [1][-]{section*.4}{Molecular Dynamics}{section*.2}% 4
\BOOKMARK [2][-]{section*.5}{Simulation Details}{section*.4}% 5
\BOOKMARK [2][-]{section*.6}{Force field}{section*.4}% 6
\BOOKMARK [1][-]{section*.7}{Case study}{section*.2}% 7
\BOOKMARK [1][-]{section*.8}{Uncertainty Quantification}{section*.2}% 8
\BOOKMARK [2][-]{section*.9}{Bayesian Inference}{section*.8}% 9
\BOOKMARK [3][-]{section*.10}{Theory}{section*.9}% 10
\BOOKMARK [3][-]{section*.11}{Application}{section*.9}% 11
\BOOKMARK [3][-]{section*.12}{Implementation}{section*.9}% 12
\BOOKMARK [2][-]{section*.13}{Surrogate Model}{section*.8}% 13
\BOOKMARK [3][-]{section*.14}{Multistate Bennett Acceptance Ratio}{section*.13}% 14
\BOOKMARK [3][-]{section*.15}{Isothermal isochoric integration}{section*.13}% 15
\BOOKMARK [3][-]{section*.16}{Uncertainty model}{section*.13}% 16
\BOOKMARK [1][-]{section*.17}{Results}{section*.2}% 17
\BOOKMARK [2][-]{section*.18}{Ethane}{section*.17}% 18
\BOOKMARK [2][-]{section*.19}{Larger n-alkanes}{section*.17}% 19
\BOOKMARK [1][-]{section*.20}{Discussion}{section*.2}% 20
\BOOKMARK [2][-]{section*.21}{Recommendations}{section*.20}% 21
\BOOKMARK [2][-]{section*.22}{Limitations}{section*.20}% 22
\BOOKMARK [1][-]{section*.23}{Conclusions}{section*.2}% 23
\BOOKMARK [1][-]{section*.24}{Acknowledgments}{section*.2}% 24
\BOOKMARK [1][-]{section*.25}{References}{section*.2}% 25
