\BOOKMARK [1][-]{section*.1}{Purpose}{}% 1
\BOOKMARK [1][-]{section.1}{Introduction}{}% 2
\BOOKMARK [1][-]{section.2}{Methods I}{}% 3
\BOOKMARK [2][-]{subsection.2.1}{Simulation Details}{section.2}% 4
\BOOKMARK [2][-]{subsection.2.2}{Force field}{section.2}% 5
\BOOKMARK [1][-]{section.3}{Case study for alkanes}{}% 6
\BOOKMARK [1][-]{section.4}{Methods II}{}% 7
\BOOKMARK [2][-]{subsection.4.1}{Bayesian Analysis}{section.4}% 8
\BOOKMARK [3][-]{subsubsection.4.1.1}{Theory}{subsection.4.1}% 9
\BOOKMARK [3][-]{subsubsection.4.1.2}{Application}{subsection.4.1}% 10
\BOOKMARK [3][-]{subsubsection.4.1.3}{Implementation}{subsection.4.1}% 11
\BOOKMARK [2][-]{subsection.4.2}{Surrogate Model}{section.4}% 12
\BOOKMARK [1][-]{section.5}{Results}{}% 13
\BOOKMARK [2][-]{subsection.5.1}{Ethane}{section.5}% 14
\BOOKMARK [2][-]{subsection.5.2}{Larger n-alkanes}{section.5}% 15
\BOOKMARK [1][-]{section.6}{Discussion}{}% 16
\BOOKMARK [2][-]{subsection.6.1}{Recommendations}{section.6}% 17
\BOOKMARK [2][-]{subsection.6.2}{Limitations}{section.6}% 18
\BOOKMARK [1][-]{section.7}{Conclusions}{}% 19
\BOOKMARK [1][-]{section*.10}{Acknowledgments}{}% 20
\BOOKMARK [1][-]{section*.11}{References}{}% 21
